17:01:02.674 [TestNG-test-Smoke and Regression Test-2] INFO  - Excel file verified successfully
17:01:02.702 [TestNG-test-Smoke and Regression Test-2] INFO  - Closing the WebDriver
17:01:03.705 [TestNG-test-Smoke and Regression Test-3] INFO  - Navigated to URL: https://www.pepperfry.com
17:01:03.713 [TestNG-test-Smoke and Regression Test-3] INFO  - Starting test: searchStudyChairs
17:01:05.573 [TestNG-test-Smoke and Regression Test-3] INFO  - Search for 'study chairs' performed successfully
17:01:05.578 [TestNG-test-Smoke and Regression Test-3] INFO  - Starting test: applyFiltersTest
17:01:06.164 [TestNG-test-Smoke and Regression Test-4] INFO  - Navigated to URL: https://www.pepperfry.com
17:01:06.172 [TestNG-test-Smoke and Regression Test-4] INFO  - Starting test: selectGiftCardTest
17:01:08.732 [TestNG-test-Smoke and Regression Test-4] INFO  - Selected gift card successfully
17:01:08.734 [TestNG-test-Smoke and Regression Test-4] INFO  - Starting test: fillGiftDetailsTest
17:01:10.946 [TestNG-test-Smoke and Regression Test-4] INFO  - All data filled successfully
17:01:10.949 [TestNG-test-Smoke and Regression Test-4] INFO  - Starting test: extractErrorMessagesToExcelTest
17:01:10.949 [TestNG-test-Smoke and Regression Test-4] INFO  - Retrieved error messages successfully
17:01:11.041 [TestNG-test-Smoke and Regression Test-4] INFO  - Header added to excelData succesfully
17:01:11.159 [TestNG-test-Smoke and Regression Test-3] INFO  - Price Filters applied successfully
17:01:11.163 [TestNG-test-Smoke and Regression Test-4] INFO  - Data written to Excel file: Output_Excel/GiftCardErrors.xlsx
17:01:11.164 [TestNG-test-Smoke and Regression Test-4] INFO  - Excel file verified successfully
17:01:11.164 [TestNG-test-Smoke and Regression Test-3] INFO  - Starting test: sortByCustomerRating
17:01:11.165 [TestNG-test-Smoke and Regression Test-4] INFO  - Closing the WebDriver
17:01:12.954 [TestNG-test-Smoke and Regression Test-3] INFO  - Sort By Filters applied successfully
17:01:12.956 [TestNG-test-Smoke and Regression Test-3] INFO  - Starting test: extractStudyChairsDetails
17:01:14.274 [TestNG-test-Smoke and Regression Test-3] INFO  - Product names and prices Retrieved successfully
17:01:14.275 [TestNG-test-Smoke and Regression Test-3] INFO  - Added Header to excelData
17:01:14.275 [TestNG-test-Smoke and Regression Test-3] INFO  - Product: Tauras Lite Breathable MeshMid Back Ergonomic Chair in Red Colour with price: ?5,499
17:01:14.275 [TestNG-test-Smoke and Regression Test-3] INFO  - Product: Amaze Breathable Mesh Guest Chair in Black Colour with price: ?3,900
17:01:14.275 [TestNG-test-Smoke and Regression Test-3] INFO  - Product: Leno Fabric Ergonomic Chair in Brown Colour with price: ?5,499
17:01:14.316 [TestNG-test-Smoke and Regression Test-3] INFO  - Written Data to Excel file: Output_Excel/StudyChairsData.xlsx
17:01:14.317 [TestNG-test-Smoke and Regression Test-3] INFO  - Successfully verified Excel file
17:01:14.318 [TestNG-test-Smoke and Regression Test-3] INFO  - Closing the WebDriver
