21:02:17.447 [TestNG-test=Smoke and Regression Test-4] INFO  - Starting test: selectGiftCardTest
21:02:20.259 [TestNG-test=Smoke and Regression Test-1] INFO  - Data written to Excel file: Output_Excel/MenuData.xlsx
21:02:20.261 [TestNG-test=Smoke and Regression Test-1] INFO  - Excel file Verified Successfully
21:02:20.272 [TestNG-test=Smoke and Regression Test-1] INFO  - Closing the WebDriver
21:02:20.726 [TestNG-test=Smoke and Regression Test-2] INFO  - Search for 'bookshelves' performed successfully
21:02:20.730 [TestNG-test=Smoke and Regression Test-2] INFO  - Starting test: applyFilterTest
21:02:21.157 [TestNG-test=Smoke and Regression Test-3] INFO  - Navigated to URL: https://www.pepperfry.com
21:02:21.162 [TestNG-test=Smoke and Regression Test-3] INFO  - Starting test: searchStudyChairs
21:02:21.176 [TestNG-test=Smoke and Regression Test-4] INFO  - Selected gift card successfully
21:02:21.184 [TestNG-test=Smoke and Regression Test-4] INFO  - Starting test: fillGiftDetailsTest
21:02:23.265 [TestNG-test=Smoke and Regression Test-3] INFO  - Search for 'study chairs' performed successfully
21:02:23.271 [TestNG-test=Smoke and Regression Test-3] INFO  - Starting test: applyFiltersTest
21:02:23.624 [TestNG-test=Smoke and Regression Test-2] INFO  - Price Filter applied successfully
21:02:23.628 [TestNG-test=Smoke and Regression Test-2] INFO  - Starting test: sortByLowestPriceTest
21:02:24.539 [TestNG-test=Smoke and Regression Test-4] INFO  - All data filled successfully
21:02:24.543 [TestNG-test=Smoke and Regression Test-4] INFO  - Starting test: extractErrorMessagesToExcelTest
21:02:24.543 [TestNG-test=Smoke and Regression Test-4] INFO  - Retrieved error messages successfully
21:02:24.674 [TestNG-test=Smoke and Regression Test-4] INFO  - Header added to excelData succesfully
21:02:24.824 [TestNG-test=Smoke and Regression Test-4] INFO  - Data written to Excel file: Output_Excel/GiftCardErrors.xlsx
21:02:24.824 [TestNG-test=Smoke and Regression Test-4] INFO  - Excel file verified successfully
21:02:24.827 [TestNG-test=Smoke and Regression Test-4] INFO  - Closing the WebDriver
21:02:26.010 [TestNG-test=Smoke and Regression Test-2] INFO  - Sort by Filter applied successfully
21:02:26.015 [TestNG-test=Smoke and Regression Test-2] INFO  - Starting test: extractBookshelfDetailsToExcelTest
21:02:27.968 [TestNG-test=Smoke and Regression Test-2] INFO  - Retrieved product names and prices successfully
21:02:27.968 [TestNG-test=Smoke and Regression Test-2] INFO  - Header added to excelData
21:02:28.002 [TestNG-test=Smoke and Regression Test-2] INFO  - Data written to Excel file: Output_Excel/BookshelvesData.xlsx
21:02:28.003 [TestNG-test=Smoke and Regression Test-2] INFO  - Excel file verified successfully
21:02:28.005 [TestNG-test=Smoke and Regression Test-2] INFO  - Closing the WebDriver
21:02:29.935 [TestNG-test=Smoke and Regression Test-3] INFO  - Price Filters applied successfully
21:02:29.940 [TestNG-test=Smoke and Regression Test-3] INFO  - Starting test: sortByCustomerRating
21:02:31.567 [TestNG-test=Smoke and Regression Test-3] INFO  - Sort By Filters applied successfully
21:02:31.571 [TestNG-test=Smoke and Regression Test-3] INFO  - Starting test: extractStudyChairsDetails
21:02:32.812 [TestNG-test=Smoke and Regression Test-3] INFO  - Product names and prices Retrieved successfully
21:02:32.812 [TestNG-test=Smoke and Regression Test-3] INFO  - Added Header to excelData
21:02:32.812 [TestNG-test=Smoke and Regression Test-3] INFO  - Product: Tauras Lite Breathable MeshMid Back Ergonomic Chair in Red Colour with price: ₹5,499
21:02:32.812 [TestNG-test=Smoke and Regression Test-3] INFO  - Product: Amaze Breathable Mesh Guest Chair in Black Colour with price: ₹3,900
21:02:32.812 [TestNG-test=Smoke and Regression Test-3] INFO  - Product: Activa Breathable Mesh LB Ergonomic Chair In White Colour with price: ₹9,500
21:02:32.838 [TestNG-test=Smoke and Regression Test-3] INFO  - Written Data to Excel file: Output_Excel/StudyChairsData.xlsx
21:02:32.838 [TestNG-test=Smoke and Regression Test-3] INFO  - Successfully verified Excel file
21:02:32.839 [TestNG-test=Smoke and Regression Test-3] INFO  - Closing the WebDriver
21:04:11.761 [TestNG-test=Smoke and Regression Test-2] INFO  - Initializing the WebDriver and setting up the page objects
21:04:11.761 [TestNG-test=Smoke and Regression Test-3] INFO  - Initializing the WebDriver and setting up the page objects
21:04:11.761 [TestNG-test=Smoke and Regression Test-1] INFO  - Initializing WebDriver and setting up page objects
21:04:11.761 [TestNG-test=Smoke and Regression Test-4] INFO  - Initializing WebDriver and setting up the page objects
21:04:14.466 [TestNG-test=Smoke and Regression Test-1] INFO  - Browser initialized: chrome
21:04:15.069 [TestNG-test=Smoke and Regression Test-1] INFO  - Navigated to URL: https://www.pepperfry.com
21:04:15.177 [TestNG-test=Smoke and Regression Test-1] INFO  - Starting test: MenuTest
21:04:16.836 [TestNG-test=Smoke and Regression Test-4] INFO  - Browser initialized: chrome
21:04:16.876 [TestNG-test=Smoke and Regression Test-2] INFO  - Browser initialized: chrome
21:04:17.240 [TestNG-test=Smoke and Regression Test-3] INFO  - Browser initialized: chrome
21:04:29.188 [TestNG-test=Smoke and Regression Test-4] INFO  - Navigated to URL: https://www.pepperfry.com
21:04:29.201 [TestNG-test=Smoke and Regression Test-4] INFO  - Starting test: selectGiftCardTest
21:04:30.987 [TestNG-test=Smoke and Regression Test-2] INFO  - Navigated to URL: https://www.pepperfry.com
21:04:31.003 [TestNG-test=Smoke and Regression Test-2] INFO  - Starting test: searchBookshelvesTest
21:04:31.755 [TestNG-test=Smoke and Regression Test-1] INFO  - Starting test: extractMenuItemsToExcel
21:04:32.893 [TestNG-test=Smoke and Regression Test-4] INFO  - Selected gift card successfully
21:04:32.905 [TestNG-test=Smoke and Regression Test-4] INFO  - Starting test: fillGiftDetailsTest
21:04:33.223 [TestNG-test=Smoke and Regression Test-1] INFO  - Retrieved sub menu data successfully
21:04:34.552 [TestNG-test=Smoke and Regression Test-3] INFO  - Navigated to URL: https://www.pepperfry.com
21:04:34.560 [TestNG-test=Smoke and Regression Test-3] INFO  - Starting test: searchStudyChairs
21:04:35.646 [TestNG-test=Smoke and Regression Test-1] INFO  - Data written to Excel file: Output_Excel/MenuData.xlsx
21:04:35.646 [TestNG-test=Smoke and Regression Test-1] INFO  - Excel file Verified Successfully
21:04:35.650 [TestNG-test=Smoke and Regression Test-1] INFO  - Closing the WebDriver
21:04:36.042 [TestNG-test=Smoke and Regression Test-2] INFO  - Search for 'bookshelves' performed successfully
21:04:36.050 [TestNG-test=Smoke and Regression Test-2] INFO  - Starting test: applyFilterTest
21:04:36.735 [TestNG-test=Smoke and Regression Test-3] INFO  - Search for 'study chairs' performed successfully
21:04:36.742 [TestNG-test=Smoke and Regression Test-3] INFO  - Starting test: applyFiltersTest
21:04:38.503 [TestNG-test=Smoke and Regression Test-4] INFO  - All data filled successfully
21:04:38.516 [TestNG-test=Smoke and Regression Test-4] INFO  - Starting test: extractErrorMessagesToExcelTest
21:04:38.517 [TestNG-test=Smoke and Regression Test-4] INFO  - Retrieved error messages successfully
21:04:38.666 [TestNG-test=Smoke and Regression Test-4] INFO  - Header added to excelData succesfully
21:04:38.827 [TestNG-test=Smoke and Regression Test-4] INFO  - Data written to Excel file: Output_Excel/GiftCardErrors.xlsx
21:04:38.829 [TestNG-test=Smoke and Regression Test-4] INFO  - Excel file verified successfully
21:04:38.832 [TestNG-test=Smoke and Regression Test-4] INFO  - Closing the WebDriver
21:04:39.953 [TestNG-test=Smoke and Regression Test-2] INFO  - Price Filter applied successfully
21:04:39.960 [TestNG-test=Smoke and Regression Test-2] INFO  - Starting test: sortByLowestPriceTest
21:04:43.027 [TestNG-test=Smoke and Regression Test-2] INFO  - Sort by Filter applied successfully
21:04:43.031 [TestNG-test=Smoke and Regression Test-2] INFO  - Starting test: extractBookshelfDetailsToExcelTest
21:04:44.666 [TestNG-test=Smoke and Regression Test-2] INFO  - Retrieved product names and prices successfully
21:04:44.667 [TestNG-test=Smoke and Regression Test-2] INFO  - Header added to excelData
21:04:44.667 [TestNG-test=Smoke and Regression Test-2] INFO  - Added product: Trendlong Round Floating Book Shelf with price: ₹999
21:04:44.668 [TestNG-test=Smoke and Regression Test-2] INFO  - Added product: Captiver Wall Mount Book Shelf In Dark Acazia Finish with price: ₹1,389
21:04:44.668 [TestNG-test=Smoke and Regression Test-2] INFO  - Added product: Victor Book Shelf In Wenge Colour with price: ₹1,389
21:04:44.722 [TestNG-test=Smoke and Regression Test-2] INFO  - Data written to Excel file: Output_Excel/BookshelvesData.xlsx
21:04:44.723 [TestNG-test=Smoke and Regression Test-2] INFO  - Excel file verified successfully
21:04:44.726 [TestNG-test=Smoke and Regression Test-2] INFO  - Closing the WebDriver
21:04:44.844 [TestNG-test=Smoke and Regression Test-3] INFO  - Price Filters applied successfully
21:04:44.848 [TestNG-test=Smoke and Regression Test-3] INFO  - Starting test: sortByCustomerRating
21:04:47.319 [TestNG-test=Smoke and Regression Test-3] INFO  - Sort By Filters applied successfully
21:04:47.323 [TestNG-test=Smoke and Regression Test-3] INFO  - Starting test: extractStudyChairsDetails
21:04:48.442 [TestNG-test=Smoke and Regression Test-3] INFO  - Product names and prices Retrieved successfully
21:04:48.442 [TestNG-test=Smoke and Regression Test-3] INFO  - Added Header to excelData
21:04:48.442 [TestNG-test=Smoke and Regression Test-3] INFO  - Product: Tauras Lite Breathable MeshMid Back Ergonomic Chair in Red Colour with price: ₹5,499
21:04:48.442 [TestNG-test=Smoke and Regression Test-3] INFO  - Product: Amaze Breathable Mesh Guest Chair in Black Colour with price: ₹3,900
21:04:48.442 [TestNG-test=Smoke and Regression Test-3] INFO  - Product: Activa Breathable Mesh LB Ergonomic Chair In White Colour with price: ₹9,500
21:04:48.488 [TestNG-test=Smoke and Regression Test-3] INFO  - Written Data to Excel file: Output_Excel/StudyChairsData.xlsx
21:04:48.489 [TestNG-test=Smoke and Regression Test-3] INFO  - Successfully verified Excel file
21:04:48.490 [TestNG-test=Smoke and Regression Test-3] INFO  - Closing the WebDriver
21:09:46.655 [TestNG-test=Smoke and Regression Test-1] INFO  - Initializing WebDriver and setting up page objects
21:09:46.655 [TestNG-test=Smoke and Regression Test-2] INFO  - Initializing the WebDriver and setting up the page objects
21:09:46.655 [TestNG-test=Smoke and Regression Test-3] INFO  - Initializing the WebDriver and setting up the page objects
21:09:46.655 [TestNG-test=Smoke and Regression Test-4] INFO  - Initializing WebDriver and setting up the page objects
21:09:49.025 [TestNG-test=Smoke and Regression Test-1] INFO  - Browser initialized: chrome
21:09:50.380 [TestNG-test=Smoke and Regression Test-4] INFO  - Browser initialized: chrome
21:09:51.313 [TestNG-test=Smoke and Regression Test-2] INFO  - Browser initialized: chrome
21:09:52.985 [TestNG-test=Smoke and Regression Test-3] INFO  - Browser initialized: chrome
21:10:04.265 [TestNG-test=Smoke and Regression Test-4] INFO  - Navigated to URL: https://www.pepperfry.com
21:10:04.451 [TestNG-test=Smoke and Regression Test-4] INFO  - Starting test: selectGiftCardTest
21:10:06.895 [TestNG-test=Smoke and Regression Test-4] INFO  - Selected gift card successfully
21:10:06.909 [TestNG-test=Smoke and Regression Test-4] INFO  - Starting test: fillGiftDetailsTest
21:10:08.308 [TestNG-test=Smoke and Regression Test-2] INFO  - Navigated to URL: https://www.pepperfry.com
21:10:08.343 [TestNG-test=Smoke and Regression Test-2] INFO  - Starting test: searchBookshelvesTest
21:10:09.496 [TestNG-test=Smoke and Regression Test-1] INFO  - Navigated to URL: https://www.pepperfry.com
21:10:09.523 [TestNG-test=Smoke and Regression Test-1] INFO  - Starting test: MenuTest
21:10:09.541 [TestNG-test=Smoke and Regression Test-3] INFO  - Navigated to URL: https://www.pepperfry.com
21:10:09.550 [TestNG-test=Smoke and Regression Test-3] INFO  - Starting test: searchStudyChairs
21:10:11.411 [TestNG-test=Smoke and Regression Test-1] INFO  - Starting test: extractMenuItemsToExcel
21:10:12.360 [TestNG-test=Smoke and Regression Test-4] INFO  - All data filled successfully
21:10:12.369 [TestNG-test=Smoke and Regression Test-4] INFO  - Starting test: extractErrorMessagesToExcelTest
21:10:12.370 [TestNG-test=Smoke and Regression Test-4] INFO  - Retrieved error messages successfully
21:10:12.428 [TestNG-test=Smoke and Regression Test-3] INFO  - Search for 'study chairs' performed successfully
21:10:12.442 [TestNG-test=Smoke and Regression Test-3] INFO  - Starting test: applyFiltersTest
21:10:12.565 [TestNG-test=Smoke and Regression Test-4] INFO  - Header added to excelData succesfully
21:10:13.045 [TestNG-test=Smoke and Regression Test-2] INFO  - Search for 'bookshelves' performed successfully
21:10:13.057 [TestNG-test=Smoke and Regression Test-2] INFO  - Starting test: applyFilterTest
21:10:13.380 [TestNG-test=Smoke and Regression Test-4] INFO  - Data written to Excel file: Output_Excel/GiftCardErrors.xlsx
21:10:13.386 [TestNG-test=Smoke and Regression Test-4] INFO  - Excel file verified successfully
21:10:13.394 [TestNG-test=Smoke and Regression Test-4] INFO  - Closing the WebDriver
21:10:13.605 [TestNG-test=Smoke and Regression Test-1] INFO  - Retrieved sub menu data successfully
21:10:14.401 [TestNG-test=Smoke and Regression Test-1] INFO  - Data written to Excel file: Output_Excel/MenuData.xlsx
21:10:14.402 [TestNG-test=Smoke and Regression Test-1] INFO  - Excel file Verified Successfully
21:10:14.410 [TestNG-test=Smoke and Regression Test-1] INFO  - Closing the WebDriver
21:10:16.857 [TestNG-test=Smoke and Regression Test-2] INFO  - Price Filter applied successfully
21:10:16.861 [TestNG-test=Smoke and Regression Test-2] INFO  - Starting test: sortByLowestPriceTest
21:10:19.548 [TestNG-test=Smoke and Regression Test-2] INFO  - Sort by Filter applied successfully
21:10:19.552 [TestNG-test=Smoke and Regression Test-2] INFO  - Starting test: extractBookshelfDetailsToExcelTest
21:10:19.647 [TestNG-test=Smoke and Regression Test-3] INFO  - Price Filters applied successfully
21:10:19.651 [TestNG-test=Smoke and Regression Test-3] INFO  - Starting test: sortByCustomerRating
21:10:21.071 [TestNG-test=Smoke and Regression Test-2] INFO  - Retrieved product names and prices successfully
21:10:21.071 [TestNG-test=Smoke and Regression Test-2] INFO  - Header added to excelData
21:10:21.072 [TestNG-test=Smoke and Regression Test-2] INFO  - Added product: Trendlong Round Floating Book Shelf with price: ₹999
21:10:21.072 [TestNG-test=Smoke and Regression Test-2] INFO  - Added product: Captiver Wall Mount Book Shelf In Dark Acazia Finish with price: ₹1,389
21:10:21.073 [TestNG-test=Smoke and Regression Test-2] INFO  - Added product: Victor Book Shelf In Wenge Colour with price: ₹1,389
21:10:21.137 [TestNG-test=Smoke and Regression Test-2] INFO  - Data written to Excel file: Output_Excel/BookshelvesData.xlsx
21:10:21.137 [TestNG-test=Smoke and Regression Test-2] INFO  - Excel file verified successfully
21:10:21.141 [TestNG-test=Smoke and Regression Test-2] INFO  - Closing the WebDriver
21:10:21.685 [TestNG-test=Smoke and Regression Test-3] INFO  - Sort By Filters applied successfully
21:10:21.688 [TestNG-test=Smoke and Regression Test-3] INFO  - Starting test: extractStudyChairsDetails
21:10:21.725 [TestNG-test=Smoke and Regression Test-3] INFO  - Product names and prices Retrieved successfully
21:10:21.725 [TestNG-test=Smoke and Regression Test-3] INFO  - Added Header to excelData
21:10:21.748 [TestNG-test=Smoke and Regression Test-3] INFO  - Written Data to Excel file: Output_Excel/StudyChairsData.xlsx
21:10:21.749 [TestNG-test=Smoke and Regression Test-3] INFO  - Successfully verified Excel file
21:10:21.752 [TestNG-test=Smoke and Regression Test-3] INFO  - Closing the WebDriver
21:52:50.600 [TestNG-test=Smoke and Regression Test-1] INFO  - Initializing WebDriver and setting up page objects
21:52:50.600 [TestNG-test=Smoke and Regression Test-4] INFO  - Initializing WebDriver and setting up the page objects
21:52:50.600 [TestNG-test=Smoke and Regression Test-3] INFO  - Initializing the WebDriver and setting up the page objects
21:52:50.600 [TestNG-test=Smoke and Regression Test-2] INFO  - Initializing the WebDriver and setting up the page objects
21:52:58.127 [TestNG-test=Smoke and Regression Test-3] INFO  - Browser initialized: chrome
21:52:58.163 [TestNG-test=Smoke and Regression Test-4] INFO  - Browser initialized: chrome
21:52:59.891 [TestNG-test=Smoke and Regression Test-2] INFO  - Browser initialized: chrome
21:53:01.014 [TestNG-test=Smoke and Regression Test-1] INFO  - Browser initialized: chrome
21:53:15.899 [TestNG-test=Smoke and Regression Test-2] INFO  - Navigated to URL: https://www.pepperfry.com
21:53:16.025 [TestNG-test=Smoke and Regression Test-3] INFO  - Navigated to URL: https://www.pepperfry.com
21:53:16.403 [TestNG-test=Smoke and Regression Test-3] INFO  - Starting test: searchStudyChairs
21:53:16.403 [TestNG-test=Smoke and Regression Test-2] INFO  - Starting test: searchBookshelvesTest
21:53:16.651 [TestNG-test=Smoke and Regression Test-4] INFO  - Navigated to URL: https://www.pepperfry.com
21:53:16.738 [TestNG-test=Smoke and Regression Test-4] INFO  - Starting test: selectGiftCardTest
21:53:17.939 [TestNG-test=Smoke and Regression Test-1] INFO  - Navigated to URL: https://www.pepperfry.com
21:53:18.032 [TestNG-test=Smoke and Regression Test-1] INFO  - Starting test: MenuTest
21:53:21.410 [TestNG-test=Smoke and Regression Test-1] INFO  - Starting test: extractMenuItemsToExcel
21:53:21.715 [TestNG-test=Smoke and Regression Test-3] INFO  - Search for 'study chairs' performed successfully
21:53:21.721 [TestNG-test=Smoke and Regression Test-3] INFO  - Starting test: applyFiltersTest
21:53:24.021 [TestNG-test=Smoke and Regression Test-1] INFO  - Retrieved sub menu data successfully
21:53:25.043 [TestNG-test=Smoke and Regression Test-2] INFO  - Search for 'bookshelves' performed successfully
21:53:25.052 [TestNG-test=Smoke and Regression Test-2] INFO  - Starting test: applyFilterTest
21:53:27.136 [TestNG-test=Smoke and Regression Test-4] INFO  - Selected gift card successfully
21:53:27.153 [TestNG-test=Smoke and Regression Test-4] INFO  - Starting test: fillGiftDetailsTest
21:53:33.359 [TestNG-test=Smoke and Regression Test-1] INFO  - Data written to Excel file: Output_Excel/MenuData.xlsx
21:53:33.361 [TestNG-test=Smoke and Regression Test-1] INFO  - Excel file Verified Successfully
21:53:33.367 [TestNG-test=Smoke and Regression Test-1] INFO  - Closing the WebDriver
21:53:33.766 [TestNG-test=Smoke and Regression Test-2] INFO  - Price Filter applied successfully
21:53:33.775 [TestNG-test=Smoke and Regression Test-2] INFO  - Starting test: sortByLowestPriceTest
21:53:37.492 [TestNG-test=Smoke and Regression Test-3] INFO  - Price Filters applied successfully
21:53:37.498 [TestNG-test=Smoke and Regression Test-3] INFO  - Starting test: sortByCustomerRating
21:53:38.293 [TestNG-test=Smoke and Regression Test-4] INFO  - All data filled successfully
21:53:38.299 [TestNG-test=Smoke and Regression Test-4] INFO  - Starting test: extractErrorMessagesToExcelTest
21:53:38.300 [TestNG-test=Smoke and Regression Test-4] INFO  - Retrieved error messages successfully
21:53:38.778 [TestNG-test=Smoke and Regression Test-4] INFO  - Header added to excelData succesfully
21:53:39.148 [TestNG-test=Smoke and Regression Test-2] INFO  - Sort by Filter applied successfully
21:53:39.157 [TestNG-test=Smoke and Regression Test-2] INFO  - Starting test: extractBookshelfDetailsToExcelTest
21:53:39.424 [TestNG-test=Smoke and Regression Test-4] INFO  - Data written to Excel file: Output_Excel/GiftCardErrors.xlsx
21:53:39.425 [TestNG-test=Smoke and Regression Test-4] INFO  - Excel file verified successfully
21:53:39.439 [TestNG-test=Smoke and Regression Test-4] INFO  - Closing the WebDriver
21:53:41.599 [TestNG-test=Smoke and Regression Test-3] INFO  - Sort By Filters applied successfully
21:53:41.606 [TestNG-test=Smoke and Regression Test-3] INFO  - Starting test: extractStudyChairsDetails
21:53:43.462 [TestNG-test=Smoke and Regression Test-2] INFO  - Retrieved product names and prices successfully
21:53:43.463 [TestNG-test=Smoke and Regression Test-2] INFO  - Header added to excelData
21:53:43.463 [TestNG-test=Smoke and Regression Test-2] INFO  - Added product: Trendlong Round Floating Book Shelf with price: ₹999
21:53:43.464 [TestNG-test=Smoke and Regression Test-2] INFO  - Added product: Captiver Wall Mount Book Shelf In Dark Acazia Finish with price: ₹1,389
21:53:43.465 [TestNG-test=Smoke and Regression Test-2] INFO  - Added product: Victor Book Shelf In Wenge Colour with price: ₹1,389
21:53:43.556 [TestNG-test=Smoke and Regression Test-2] INFO  - Data written to Excel file: Output_Excel/BookshelvesData.xlsx
21:53:43.557 [TestNG-test=Smoke and Regression Test-2] INFO  - Excel file verified successfully
21:53:43.560 [TestNG-test=Smoke and Regression Test-2] INFO  - Closing the WebDriver
21:53:45.357 [TestNG-test=Smoke and Regression Test-3] INFO  - Product names and prices Retrieved successfully
21:53:45.357 [TestNG-test=Smoke and Regression Test-3] INFO  - Added Header to excelData
21:53:45.357 [TestNG-test=Smoke and Regression Test-3] INFO  - Product: Tauras Lite Breathable MeshMid Back Ergonomic Chair in Red Colour with price: ₹5,499
21:53:45.357 [TestNG-test=Smoke and Regression Test-3] INFO  - Product: Amaze Breathable Mesh Guest Chair in Black Colour with price: ₹3,900
21:53:45.358 [TestNG-test=Smoke and Regression Test-3] INFO  - Product: Activa Breathable Mesh LB Ergonomic Chair In White Colour with price: ₹9,500
21:53:45.425 [TestNG-test=Smoke and Regression Test-3] INFO  - Written Data to Excel file: Output_Excel/StudyChairsData.xlsx
21:53:45.426 [TestNG-test=Smoke and Regression Test-3] INFO  - Successfully verified Excel file
21:53:45.429 [TestNG-test=Smoke and Regression Test-3] INFO  - Closing the WebDriver
21:54:52.284 [TestNG-test=Smoke and Regression Test-3] INFO  - Initializing the WebDriver and setting up the page objects
21:54:52.284 [TestNG-test=Smoke and Regression Test-4] INFO  - Initializing WebDriver and setting up the page objects
21:54:52.284 [TestNG-test=Smoke and Regression Test-2] INFO  - Initializing the WebDriver and setting up the page objects
21:54:52.284 [TestNG-test=Smoke and Regression Test-1] INFO  - Initializing WebDriver and setting up page objects
21:54:58.970 [TestNG-test=Smoke and Regression Test-4] INFO  - Browser initialized: edge
21:55:07.324 [TestNG-test=Smoke and Regression Test-3] INFO  - Browser initialized: edge
21:55:10.864 [TestNG-test=Smoke and Regression Test-1] INFO  - Browser initialized: edge
21:55:11.109 [TestNG-test=Smoke and Regression Test-2] INFO  - Browser initialized: edge
21:55:29.716 [TestNG-test=Smoke and Regression Test-4] INFO  - Navigated to URL: https://www.pepperfry.com
21:55:30.027 [TestNG-test=Smoke and Regression Test-4] INFO  - Starting test: selectGiftCardTest
21:55:37.181 [TestNG-test=Smoke and Regression Test-4] INFO  - Selected gift card successfully
21:55:37.203 [TestNG-test=Smoke and Regression Test-4] INFO  - Starting test: fillGiftDetailsTest
21:55:41.862 [TestNG-test=Smoke and Regression Test-1] INFO  - Navigated to URL: https://www.pepperfry.com
21:55:41.896 [TestNG-test=Smoke and Regression Test-1] INFO  - Starting test: MenuTest
21:55:42.012 [TestNG-test=Smoke and Regression Test-2] INFO  - Navigated to URL: https://www.pepperfry.com
21:55:42.034 [TestNG-test=Smoke and Regression Test-2] INFO  - Starting test: searchBookshelvesTest
21:55:46.543 [TestNG-test=Smoke and Regression Test-1] INFO  - Starting test: extractMenuItemsToExcel
21:55:48.998 [TestNG-test=Smoke and Regression Test-4] INFO  - All data filled successfully
21:55:49.008 [TestNG-test=Smoke and Regression Test-4] INFO  - Starting test: extractErrorMessagesToExcelTest
21:55:49.009 [TestNG-test=Smoke and Regression Test-4] INFO  - Retrieved error messages successfully
21:55:49.563 [TestNG-test=Smoke and Regression Test-4] INFO  - Header added to excelData succesfully
21:55:50.658 [TestNG-test=Smoke and Regression Test-4] INFO  - Data written to Excel file: Output_Excel/GiftCardErrors.xlsx
21:55:50.659 [TestNG-test=Smoke and Regression Test-4] INFO  - Excel file verified successfully
21:55:50.669 [TestNG-test=Smoke and Regression Test-4] INFO  - Closing the WebDriver
21:55:51.919 [TestNG-test=Smoke and Regression Test-1] INFO  - Retrieved sub menu data successfully
21:55:52.570 [TestNG-test=Smoke and Regression Test-2] INFO  - Search for 'bookshelves' performed successfully
21:55:52.580 [TestNG-test=Smoke and Regression Test-2] INFO  - Starting test: applyFilterTest
21:55:53.726 [TestNG-test=Smoke and Regression Test-1] INFO  - Data written to Excel file: Output_Excel/MenuData.xlsx
21:55:53.731 [TestNG-test=Smoke and Regression Test-1] INFO  - Excel file Verified Successfully
21:55:53.738 [TestNG-test=Smoke and Regression Test-1] INFO  - Closing the WebDriver
21:55:54.283 [TestNG-test=Smoke and Regression Test-3] INFO  - Navigated to URL: https://www.pepperfry.com
21:55:54.291 [TestNG-test=Smoke and Regression Test-3] INFO  - Starting test: searchStudyChairs
21:55:57.275 [TestNG-test=Smoke and Regression Test-2] INFO  - Price Filter applied successfully
21:55:57.288 [TestNG-test=Smoke and Regression Test-2] INFO  - Starting test: sortByLowestPriceTest
21:55:57.541 [TestNG-test=Smoke and Regression Test-3] INFO  - Search for 'study chairs' performed successfully
21:55:57.551 [TestNG-test=Smoke and Regression Test-3] INFO  - Starting test: applyFiltersTest
21:56:01.901 [TestNG-test=Smoke and Regression Test-2] INFO  - Sort by Filter applied successfully
21:56:01.911 [TestNG-test=Smoke and Regression Test-2] INFO  - Starting test: extractBookshelfDetailsToExcelTest
21:56:06.117 [TestNG-test=Smoke and Regression Test-2] INFO  - Retrieved product names and prices successfully
21:56:06.117 [TestNG-test=Smoke and Regression Test-2] INFO  - Header added to excelData
21:56:06.118 [TestNG-test=Smoke and Regression Test-2] INFO  - Added product: Trendlong Round Floating Book Shelf with price: ₹999
21:56:06.118 [TestNG-test=Smoke and Regression Test-2] INFO  - Added product: Captiver Wall Mount Book Shelf In Dark Acazia Finish with price: ₹1,389
21:56:06.119 [TestNG-test=Smoke and Regression Test-2] INFO  - Added product: Victor Book Shelf In Wenge Colour with price: ₹1,389
21:56:06.201 [TestNG-test=Smoke and Regression Test-2] INFO  - Data written to Excel file: Output_Excel/BookshelvesData.xlsx
21:56:06.202 [TestNG-test=Smoke and Regression Test-2] INFO  - Excel file verified successfully
21:56:06.209 [TestNG-test=Smoke and Regression Test-2] INFO  - Closing the WebDriver
21:56:08.800 [TestNG-test=Smoke and Regression Test-3] INFO  - Price Filters applied successfully
21:56:08.805 [TestNG-test=Smoke and Regression Test-3] INFO  - Starting test: sortByCustomerRating
21:56:11.080 [TestNG-test=Smoke and Regression Test-3] INFO  - Sort By Filters applied successfully
21:56:11.082 [TestNG-test=Smoke and Regression Test-3] INFO  - Starting test: extractStudyChairsDetails
21:56:13.759 [TestNG-test=Smoke and Regression Test-3] INFO  - Product names and prices Retrieved successfully
21:56:13.760 [TestNG-test=Smoke and Regression Test-3] INFO  - Added Header to excelData
21:56:13.760 [TestNG-test=Smoke and Regression Test-3] INFO  - Product: Tauras Lite Breathable MeshMid Back Ergonomic Chair in Red Colour with price: ₹5,499
21:56:13.760 [TestNG-test=Smoke and Regression Test-3] INFO  - Product: Amaze Breathable Mesh Guest Chair in Black Colour with price: ₹3,900
21:56:13.760 [TestNG-test=Smoke and Regression Test-3] INFO  - Product: Kite Leatherette Executive Chair in Black Colour with price: ₹8,259
21:56:13.808 [TestNG-test=Smoke and Regression Test-3] INFO  - Written Data to Excel file: Output_Excel/StudyChairsData.xlsx
21:56:13.809 [TestNG-test=Smoke and Regression Test-3] INFO  - Successfully verified Excel file
21:56:13.812 [TestNG-test=Smoke and Regression Test-3] INFO  - Closing the WebDriver
22:04:57.765 [TestNG-test=Smoke and Regression Test-3] INFO  - Initializing the WebDriver and setting up the page objects
22:04:57.765 [TestNG-test=Smoke and Regression Test-4] INFO  - Initializing WebDriver and setting up the page objects
22:04:57.765 [TestNG-test=Smoke and Regression Test-2] INFO  - Initializing the WebDriver and setting up the page objects
22:04:57.765 [TestNG-test=Smoke and Regression Test-1] INFO  - Initializing WebDriver and setting up page objects
22:05:05.494 [TestNG-test=Smoke and Regression Test-3] INFO  - Browser initialized: chrome
22:05:05.556 [TestNG-test=Smoke and Regression Test-2] INFO  - Browser initialized: chrome
22:05:06.826 [TestNG-test=Smoke and Regression Test-1] INFO  - Browser initialized: chrome
22:05:09.091 [TestNG-test=Smoke and Regression Test-4] INFO  - Browser initialized: chrome
22:05:22.709 [TestNG-test=Smoke and Regression Test-2] INFO  - Navigated to URL: https://www.pepperfry.com
22:05:23.148 [TestNG-test=Smoke and Regression Test-2] INFO  - Starting test: searchBookshelvesTest
22:05:24.211 [TestNG-test=Smoke and Regression Test-3] INFO  - Navigated to URL: https://www.pepperfry.com
22:05:24.298 [TestNG-test=Smoke and Regression Test-3] INFO  - Starting test: searchStudyChairs
22:05:24.360 [TestNG-test=Smoke and Regression Test-1] INFO  - Navigated to URL: https://www.pepperfry.com
22:05:24.430 [TestNG-test=Smoke and Regression Test-4] INFO  - Navigated to URL: https://www.pepperfry.com
22:05:24.475 [TestNG-test=Smoke and Regression Test-1] INFO  - Starting test: MenuTest
22:05:24.524 [TestNG-test=Smoke and Regression Test-4] INFO  - Starting test: selectGiftCardTest
22:05:28.324 [TestNG-test=Smoke and Regression Test-1] INFO  - Starting test: extractMenuItemsToExcel
22:05:29.306 [TestNG-test=Smoke and Regression Test-3] INFO  - Search for 'study chairs' performed successfully
22:05:29.313 [TestNG-test=Smoke and Regression Test-3] INFO  - Starting test: applyFiltersTest
22:05:30.506 [TestNG-test=Smoke and Regression Test-2] INFO  - Search for 'bookshelves' performed successfully
22:05:30.518 [TestNG-test=Smoke and Regression Test-2] INFO  - Starting test: applyFilterTest
22:05:31.950 [TestNG-test=Smoke and Regression Test-4] INFO  - Selected gift card successfully
22:05:31.960 [TestNG-test=Smoke and Regression Test-4] INFO  - Starting test: fillGiftDetailsTest
22:05:32.515 [TestNG-test=Smoke and Regression Test-1] INFO  - Retrieved sub menu data successfully
22:05:37.324 [TestNG-test=Smoke and Regression Test-1] INFO  - Data written to Excel file: Output_Excel/MenuData.xlsx
22:05:37.325 [TestNG-test=Smoke and Regression Test-1] INFO  - Excel file Verified Successfully
22:05:37.331 [TestNG-test=Smoke and Regression Test-1] INFO  - Closing the WebDriver
22:05:40.435 [TestNG-test=Smoke and Regression Test-2] INFO  - Price Filter applied successfully
22:05:40.442 [TestNG-test=Smoke and Regression Test-2] INFO  - Starting test: sortByLowestPriceTest
22:05:42.521 [TestNG-test=Smoke and Regression Test-4] INFO  - All data filled successfully
22:05:42.533 [TestNG-test=Smoke and Regression Test-4] INFO  - Starting test: extractErrorMessagesToExcelTest
22:05:42.534 [TestNG-test=Smoke and Regression Test-4] INFO  - Retrieved error messages successfully
22:05:42.753 [TestNG-test=Smoke and Regression Test-4] INFO  - Header added to excelData succesfully
22:05:43.097 [TestNG-test=Smoke and Regression Test-4] INFO  - Data written to Excel file: Output_Excel/GiftCardErrors.xlsx
22:05:43.098 [TestNG-test=Smoke and Regression Test-4] INFO  - Excel file verified successfully
22:05:43.101 [TestNG-test=Smoke and Regression Test-4] INFO  - Closing the WebDriver
22:05:45.428 [TestNG-test=Smoke and Regression Test-3] INFO  - Price Filters applied successfully
22:05:45.434 [TestNG-test=Smoke and Regression Test-3] INFO  - Starting test: sortByCustomerRating
22:05:46.190 [TestNG-test=Smoke and Regression Test-2] INFO  - Sort by Filter applied successfully
22:05:46.196 [TestNG-test=Smoke and Regression Test-2] INFO  - Starting test: extractBookshelfDetailsToExcelTest
22:05:50.146 [TestNG-test=Smoke and Regression Test-2] INFO  - Retrieved product names and prices successfully
22:05:50.147 [TestNG-test=Smoke and Regression Test-2] INFO  - Header added to excelData
22:05:50.147 [TestNG-test=Smoke and Regression Test-2] INFO  - Added product: Trendlong Round Floating Book Shelf with price: ₹999
22:05:50.148 [TestNG-test=Smoke and Regression Test-2] INFO  - Added product: Captiver Wall Mount Book Shelf In Dark Acazia Finish with price: ₹1,389
22:05:50.149 [TestNG-test=Smoke and Regression Test-2] INFO  - Added product: Victor Book Shelf In Wenge Colour with price: ₹1,389
22:05:50.264 [TestNG-test=Smoke and Regression Test-2] INFO  - Data written to Excel file: Output_Excel/BookshelvesData.xlsx
22:05:50.265 [TestNG-test=Smoke and Regression Test-2] INFO  - Excel file verified successfully
22:05:50.268 [TestNG-test=Smoke and Regression Test-2] INFO  - Closing the WebDriver
22:05:50.696 [TestNG-test=Smoke and Regression Test-3] INFO  - Sort By Filters applied successfully
22:05:50.700 [TestNG-test=Smoke and Regression Test-3] INFO  - Starting test: extractStudyChairsDetails
22:05:53.129 [TestNG-test=Smoke and Regression Test-3] INFO  - Product names and prices Retrieved successfully
22:05:53.129 [TestNG-test=Smoke and Regression Test-3] INFO  - Added Header to excelData
22:05:53.130 [TestNG-test=Smoke and Regression Test-3] INFO  - Product: Tauras Lite Breathable MeshMid Back Ergonomic Chair in Red Colour with price: ₹5,499
22:05:53.130 [TestNG-test=Smoke and Regression Test-3] INFO  - Product: Amaze Breathable Mesh Guest Chair in Black Colour with price: ₹3,900
22:05:53.130 [TestNG-test=Smoke and Regression Test-3] INFO  - Product: Activa Breathable Mesh LB Ergonomic Chair In White Colour with price: ₹9,500
22:05:53.202 [TestNG-test=Smoke and Regression Test-3] INFO  - Written Data to Excel file: Output_Excel/StudyChairsData.xlsx
22:05:53.204 [TestNG-test=Smoke and Regression Test-3] INFO  - Successfully verified Excel file
22:05:53.206 [TestNG-test=Smoke and Regression Test-3] INFO  - Closing the WebDriver
22:08:52.259 [TestNG-test=Smoke and Regression Test-4] INFO  - Initializing WebDriver and setting up the page objects
22:08:52.259 [TestNG-test=Smoke and Regression Test-3] INFO  - Initializing the WebDriver and setting up the page objects
22:08:52.259 [TestNG-test=Smoke and Regression Test-1] INFO  - Initializing WebDriver and setting up page objects
22:08:52.259 [TestNG-test=Smoke and Regression Test-2] INFO  - Initializing the WebDriver and setting up the page objects
22:08:59.509 [TestNG-test=Smoke and Regression Test-2] INFO  - Browser initialized: chrome
22:08:59.551 [TestNG-test=Smoke and Regression Test-1] INFO  - Browser initialized: chrome
22:09:00.643 [TestNG-test=Smoke and Regression Test-4] INFO  - Browser initialized: chrome
22:09:02.980 [TestNG-test=Smoke and Regression Test-3] INFO  - Browser initialized: chrome
22:09:19.775 [TestNG-test=Smoke and Regression Test-1] INFO  - Navigated to URL: https://www.pepperfry.com
22:09:19.919 [TestNG-test=Smoke and Regression Test-3] INFO  - Navigated to URL: https://www.pepperfry.com
22:09:20.055 [TestNG-test=Smoke and Regression Test-4] INFO  - Navigated to URL: https://www.pepperfry.com
22:09:20.157 [TestNG-test=Smoke and Regression Test-3] INFO  - Starting test: searchStudyChairs
22:09:20.157 [TestNG-test=Smoke and Regression Test-1] INFO  - Starting test: MenuTest
22:09:20.157 [TestNG-test=Smoke and Regression Test-4] INFO  - Starting test: selectGiftCardTest
22:09:24.366 [TestNG-test=Smoke and Regression Test-1] INFO  - Starting test: extractMenuItemsToExcel
22:09:25.151 [TestNG-test=Smoke and Regression Test-2] INFO  - Navigated to URL: https://www.pepperfry.com
22:09:25.162 [TestNG-test=Smoke and Regression Test-2] INFO  - Starting test: searchBookshelvesTest
22:09:27.336 [TestNG-test=Smoke and Regression Test-1] INFO  - Retrieved sub menu data successfully
22:09:28.410 [TestNG-test=Smoke and Regression Test-4] INFO  - Selected gift card successfully
22:09:28.418 [TestNG-test=Smoke and Regression Test-4] INFO  - Starting test: fillGiftDetailsTest
22:09:28.816 [TestNG-test=Smoke and Regression Test-3] INFO  - Search for 'study chairs' performed successfully
22:09:28.823 [TestNG-test=Smoke and Regression Test-3] INFO  - Starting test: applyFiltersTest
22:09:32.453 [TestNG-test=Smoke and Regression Test-1] INFO  - Data written to Excel file: Output_Excel/MenuData.xlsx
22:09:32.456 [TestNG-test=Smoke and Regression Test-1] INFO  - Excel file Verified Successfully
22:09:32.470 [TestNG-test=Smoke and Regression Test-1] INFO  - Closing the WebDriver
22:09:33.032 [TestNG-test=Smoke and Regression Test-2] INFO  - Search for 'bookshelves' performed successfully
22:09:33.037 [TestNG-test=Smoke and Regression Test-2] INFO  - Starting test: applyFilterTest
22:09:38.721 [TestNG-test=Smoke and Regression Test-4] INFO  - All data filled successfully
22:09:38.732 [TestNG-test=Smoke and Regression Test-4] INFO  - Starting test: extractErrorMessagesToExcelTest
22:09:38.733 [TestNG-test=Smoke and Regression Test-4] INFO  - Retrieved error messages successfully
22:09:39.049 [TestNG-test=Smoke and Regression Test-4] INFO  - Header added to excelData succesfully
22:09:39.346 [TestNG-test=Smoke and Regression Test-4] INFO  - Data written to Excel file: Output_Excel/GiftCardErrors.xlsx
22:09:39.347 [TestNG-test=Smoke and Regression Test-4] INFO  - Excel file verified successfully
22:09:39.351 [TestNG-test=Smoke and Regression Test-4] INFO  - Closing the WebDriver
22:09:41.933 [TestNG-test=Smoke and Regression Test-2] INFO  - Price Filter applied successfully
22:09:41.940 [TestNG-test=Smoke and Regression Test-2] INFO  - Starting test: sortByLowestPriceTest
22:09:45.962 [TestNG-test=Smoke and Regression Test-3] INFO  - Price Filters applied successfully
22:09:45.969 [TestNG-test=Smoke and Regression Test-3] INFO  - Starting test: sortByCustomerRating
22:09:46.636 [TestNG-test=Smoke and Regression Test-2] INFO  - Sort by Filter applied successfully
22:09:46.644 [TestNG-test=Smoke and Regression Test-2] INFO  - Starting test: extractBookshelfDetailsToExcelTest
22:09:50.228 [TestNG-test=Smoke and Regression Test-2] INFO  - Retrieved product names and prices successfully
22:09:50.228 [TestNG-test=Smoke and Regression Test-2] INFO  - Header added to excelData
22:09:50.229 [TestNG-test=Smoke and Regression Test-2] INFO  - Added product: Trendlong Round Floating Book Shelf with price: ₹999
22:09:50.229 [TestNG-test=Smoke and Regression Test-2] INFO  - Added product: Captiver Wall Mount Book Shelf In Dark Acazia Finish with price: ₹1,389
22:09:50.230 [TestNG-test=Smoke and Regression Test-2] INFO  - Added product: Victor Book Shelf In Wenge Colour with price: ₹1,389
22:09:50.352 [TestNG-test=Smoke and Regression Test-2] INFO  - Data written to Excel file: Output_Excel/BookshelvesData.xlsx
22:09:50.354 [TestNG-test=Smoke and Regression Test-2] INFO  - Excel file verified successfully
22:09:50.360 [TestNG-test=Smoke and Regression Test-2] INFO  - Closing the WebDriver
22:09:51.058 [TestNG-test=Smoke and Regression Test-3] INFO  - Sort By Filters applied successfully
22:09:51.063 [TestNG-test=Smoke and Regression Test-3] INFO  - Starting test: extractStudyChairsDetails
22:09:53.424 [TestNG-test=Smoke and Regression Test-3] INFO  - Product names and prices Retrieved successfully
22:09:53.424 [TestNG-test=Smoke and Regression Test-3] INFO  - Added Header to excelData
22:09:53.424 [TestNG-test=Smoke and Regression Test-3] INFO  - Product: Tauras Lite Breathable MeshMid Back Ergonomic Chair in Red Colour with price: ₹5,499
22:09:53.425 [TestNG-test=Smoke and Regression Test-3] INFO  - Product: Amaze Breathable Mesh Guest Chair in Black Colour with price: ₹3,900
22:09:53.425 [TestNG-test=Smoke and Regression Test-3] INFO  - Product: Activa Breathable Mesh LB Ergonomic Chair In White Colour with price: ₹9,500
22:09:53.486 [TestNG-test=Smoke and Regression Test-3] INFO  - Written Data to Excel file: Output_Excel/StudyChairsData.xlsx
22:09:53.487 [TestNG-test=Smoke and Regression Test-3] INFO  - Successfully verified Excel file
22:09:53.492 [TestNG-test=Smoke and Regression Test-3] INFO  - Closing the WebDriver
22:19:15.593 [TestNG-test=Smoke and Regression Test-4] INFO  - Initializing WebDriver and setting up the page objects
22:19:15.593 [TestNG-test=Smoke and Regression Test-2] INFO  - Initializing the WebDriver and setting up the page objects
22:19:15.593 [TestNG-test=Smoke and Regression Test-1] INFO  - Initializing WebDriver and setting up page objects
22:19:15.593 [TestNG-test=Smoke and Regression Test-3] INFO  - Initializing the WebDriver and setting up the page objects
22:19:25.150 [TestNG-test=Smoke and Regression Test-1] INFO  - Browser initialized: chrome
22:19:25.150 [TestNG-test=Smoke and Regression Test-2] INFO  - Browser initialized: chrome
22:19:26.733 [TestNG-test=Smoke and Regression Test-4] INFO  - Browser initialized: chrome
22:19:27.087 [TestNG-test=Smoke and Regression Test-3] INFO  - Browser initialized: chrome
22:19:28.338 [TestNG-test=Smoke and Regression Test-3] INFO  - Navigated to URL: https://www.pepperfry.com
22:19:29.323 [TestNG-test=Smoke and Regression Test-3] INFO  - Starting test: searchStudyChairs
22:19:38.162 [TestNG-test=Smoke and Regression Test-2] INFO  - Navigated to URL: https://www.pepperfry.com
22:19:38.205 [TestNG-test=Smoke and Regression Test-2] INFO  - Starting test: searchBookshelvesTest
22:19:40.735 [TestNG-test=Smoke and Regression Test-1] INFO  - Navigated to URL: https://www.pepperfry.com
22:19:40.773 [TestNG-test=Smoke and Regression Test-1] INFO  - Starting test: MenuTest
22:19:41.259 [TestNG-test=Smoke and Regression Test-3] INFO  - Search for 'study chairs' performed successfully
22:19:41.632 [TestNG-test=Smoke and Regression Test-2] INFO  - Search for 'bookshelves' performed successfully
22:19:50.603 [TestNG-test=Smoke and Regression Test-4] INFO  - Navigated to URL: https://www.pepperfry.com
22:19:50.640 [TestNG-test=Smoke and Regression Test-4] INFO  - Starting test: selectGiftCardTest
22:19:53.589 [TestNG-test=Smoke and Regression Test-4] INFO  - Selected gift card successfully
22:23:19.763 [TestNG-test=Smoke and Regression Test-3] INFO  - Initializing the WebDriver and setting up the page objects
22:23:19.763 [TestNG-test=Smoke and Regression Test-1] INFO  - Initializing WebDriver and setting up page objects
22:23:19.763 [TestNG-test=Smoke and Regression Test-4] INFO  - Initializing WebDriver and setting up the page objects
22:23:19.763 [TestNG-test=Smoke and Regression Test-2] INFO  - Initializing the WebDriver and setting up the page objects
22:23:22.104 [TestNG-test=Smoke and Regression Test-4] INFO  - Browser initialized: chrome
22:23:22.532 [TestNG-test=Smoke and Regression Test-4] INFO  - Navigated to URL: https://www.pepperfry.com
22:23:22.664 [TestNG-test=Smoke and Regression Test-4] INFO  - Starting test: selectGiftCardTest
22:23:22.920 [TestNG-test=Smoke and Regression Test-3] INFO  - Browser initialized: chrome
22:23:23.416 [TestNG-test=Smoke and Regression Test-2] INFO  - Browser initialized: chrome
22:23:25.398 [TestNG-test=Smoke and Regression Test-1] INFO  - Browser initialized: chrome
22:23:32.925 [TestNG-test=Smoke and Regression Test-1] INFO  - Navigated to URL: https://www.pepperfry.com
22:23:32.998 [TestNG-test=Smoke and Regression Test-1] INFO  - Starting test: MenuTest
22:23:33.893 [TestNG-test=Smoke and Regression Test-2] INFO  - Navigated to URL: https://www.pepperfry.com
22:23:33.930 [TestNG-test=Smoke and Regression Test-2] INFO  - Starting test: searchBookshelvesTest
22:23:36.510 [TestNG-test=Smoke and Regression Test-4] INFO  - Selected gift card successfully
22:23:36.546 [TestNG-test=Smoke and Regression Test-2] INFO  - Search for 'bookshelves' performed successfully
22:23:40.956 [TestNG-test=Smoke and Regression Test-3] INFO  - Navigated to URL: https://www.pepperfry.com
22:23:40.996 [TestNG-test=Smoke and Regression Test-3] INFO  - Starting test: searchStudyChairs
22:23:42.499 [TestNG-test=Smoke and Regression Test-3] INFO  - Search for 'study chairs' performed successfully
22:24:53.194 [TestNG-test=Smoke and Regression Test-2] INFO  - Initializing the WebDriver and setting up the page objects
22:24:53.194 [TestNG-test=Smoke and Regression Test-1] INFO  - Initializing WebDriver and setting up page objects
22:24:53.194 [TestNG-test=Smoke and Regression Test-3] INFO  - Initializing the WebDriver and setting up the page objects
22:24:53.194 [TestNG-test=Smoke and Regression Test-4] INFO  - Initializing WebDriver and setting up the page objects
22:24:56.695 [TestNG-test=Smoke and Regression Test-4] INFO  - Browser initialized: chrome
22:24:57.302 [TestNG-test=Smoke and Regression Test-1] INFO  - Browser initialized: chrome
22:24:57.710 [TestNG-test=Smoke and Regression Test-3] INFO  - Browser initialized: chrome
22:24:57.789 [TestNG-test=Smoke and Regression Test-2] INFO  - Browser initialized: chrome
22:25:08.105 [TestNG-test=Smoke and Regression Test-2] INFO  - Navigated to URL: https://www.pepperfry.com
22:25:08.345 [TestNG-test=Smoke and Regression Test-2] INFO  - Starting test: searchBookshelvesTest
22:25:08.354 [TestNG-test=Smoke and Regression Test-3] INFO  - Navigated to URL: https://www.pepperfry.com
22:25:08.368 [TestNG-test=Smoke and Regression Test-3] INFO  - Starting test: searchStudyChairs
22:25:08.747 [TestNG-test=Smoke and Regression Test-1] INFO  - Navigated to URL: https://www.pepperfry.com
22:25:08.759 [TestNG-test=Smoke and Regression Test-1] INFO  - Starting test: MenuTest
22:25:10.310 [TestNG-test=Smoke and Regression Test-4] INFO  - Navigated to URL: https://www.pepperfry.com
22:25:10.317 [TestNG-test=Smoke and Regression Test-4] INFO  - Starting test: selectGiftCardTest
22:25:10.770 [TestNG-test=Smoke and Regression Test-3] INFO  - Search for 'study chairs' performed successfully
22:25:12.272 [TestNG-test=Smoke and Regression Test-2] INFO  - Search for 'bookshelves' performed successfully
22:25:13.553 [TestNG-test=Smoke and Regression Test-4] INFO  - Selected gift card successfully
22:27:45.469 [TestNG-test=Smoke and Regression Test-1] INFO  - Initializing WebDriver and setting up page objects
22:27:45.469 [TestNG-test=Smoke and Regression Test-4] INFO  - Initializing WebDriver and setting up the page objects
22:27:45.469 [TestNG-test=Smoke and Regression Test-3] INFO  - Initializing the WebDriver and setting up the page objects
22:27:45.469 [TestNG-test=Smoke and Regression Test-2] INFO  - Initializing the WebDriver and setting up the page objects
22:27:47.810 [TestNG-test=Smoke and Regression Test-3] INFO  - Browser initialized: chrome
22:27:48.104 [TestNG-test=Smoke and Regression Test-2] INFO  - Browser initialized: chrome
22:27:49.471 [TestNG-test=Smoke and Regression Test-1] INFO  - Browser initialized: chrome
22:27:50.880 [TestNG-test=Smoke and Regression Test-4] INFO  - Browser initialized: chrome
22:27:52.069 [TestNG-test=Smoke and Regression Test-4] INFO  - Navigated to URL: https://www.pepperfry.com
22:27:52.201 [TestNG-test=Smoke and Regression Test-4] INFO  - Starting test: selectGiftCardTest
22:27:57.617 [TestNG-test=Smoke and Regression Test-2] INFO  - Navigated to URL: https://www.pepperfry.com
22:27:57.628 [TestNG-test=Smoke and Regression Test-2] INFO  - Starting test: searchBookshelvesTest
22:28:01.018 [TestNG-test=Smoke and Regression Test-2] INFO  - Search for 'bookshelves' performed successfully
22:28:01.061 [TestNG-test=Smoke and Regression Test-2] INFO  - Starting test: applyFilterTest
22:28:01.168 [TestNG-test=Smoke and Regression Test-3] INFO  - Navigated to URL: https://www.pepperfry.com
22:28:01.178 [TestNG-test=Smoke and Regression Test-3] INFO  - Starting test: searchStudyChairs
22:28:04.005 [TestNG-test=Smoke and Regression Test-1] INFO  - Navigated to URL: https://www.pepperfry.com
22:28:04.021 [TestNG-test=Smoke and Regression Test-1] INFO  - Starting test: MenuTest
22:28:04.111 [TestNG-test=Smoke and Regression Test-3] INFO  - Search for 'study chairs' performed successfully
22:28:04.119 [TestNG-test=Smoke and Regression Test-3] INFO  - Starting test: applyFiltersTest
22:28:05.081 [TestNG-test=Smoke and Regression Test-2] INFO  - Price Filter applied successfully
22:28:05.092 [TestNG-test=Smoke and Regression Test-2] INFO  - Starting test: sortByLowestPriceTest
22:28:06.091 [TestNG-test=Smoke and Regression Test-1] INFO  - Starting test: extractMenuItemsToExcel
22:28:08.130 [TestNG-test=Smoke and Regression Test-1] INFO  - Retrieved sub menu data successfully
22:28:08.412 [TestNG-test=Smoke and Regression Test-2] INFO  - Sort by Filter applied successfully
22:28:08.417 [TestNG-test=Smoke and Regression Test-2] INFO  - Starting test: extractBookshelfDetailsToExcelTest
22:28:09.145 [TestNG-test=Smoke and Regression Test-4] INFO  - Selected gift card successfully
22:28:09.151 [TestNG-test=Smoke and Regression Test-4] INFO  - Starting test: fillGiftDetailsTest
22:28:11.278 [TestNG-test=Smoke and Regression Test-1] INFO  - Data written to Excel file: Output_Excel/MenuData.xlsx
