10:12:41.032 [TestNG-test-Smoke and Regression Test-4] DEBUG - Save part 'docProps/core.xml'
10:12:41.045 [TestNG-test-Smoke and Regression Test-4] DEBUG - Save part 'xl/sharedStrings.xml'
10:12:41.046 [TestNG-test-Smoke and Regression Test-4] DEBUG - Save part 'xl/styles.xml'
10:12:41.046 [TestNG-test-Smoke and Regression Test-4] DEBUG - Save part 'xl/workbook.xml'
10:12:41.047 [TestNG-test-Smoke and Regression Test-4] DEBUG - Save part 'xl/worksheets/sheet1.xml'
10:13:07.884 [TestNG-test-Smoke and Regression Test-3] DEBUG - Save core properties part
10:13:07.884 [TestNG-test-Smoke and Regression Test-3] DEBUG - Save content types part
10:13:07.886 [TestNG-test-Smoke and Regression Test-3] DEBUG - Save package relationships
10:13:07.887 [TestNG-test-Smoke and Regression Test-3] DEBUG - Save part 'docProps/app.xml'
10:13:07.888 [TestNG-test-Smoke and Regression Test-3] DEBUG - Save part 'docProps/core.xml'
10:13:07.891 [TestNG-test-Smoke and Regression Test-3] DEBUG - Save part 'xl/sharedStrings.xml'
10:13:07.891 [TestNG-test-Smoke and Regression Test-3] DEBUG - Save part 'xl/styles.xml'
10:13:07.891 [TestNG-test-Smoke and Regression Test-3] DEBUG - Save part 'xl/workbook.xml'
10:13:07.892 [TestNG-test-Smoke and Regression Test-3] DEBUG - Save part 'xl/worksheets/sheet1.xml'
10:13:07.892 [TestNG-test-Smoke and Regression Test-3] DEBUG - Save content types part
10:13:07.893 [TestNG-test-Smoke and Regression Test-3] DEBUG - Save package relationships
10:13:07.894 [TestNG-test-Smoke and Regression Test-3] DEBUG - Save part 'docProps/app.xml'
10:13:07.894 [TestNG-test-Smoke and Regression Test-3] DEBUG - Save part 'docProps/core.xml'
10:13:07.894 [TestNG-test-Smoke and Regression Test-3] DEBUG - Save part 'xl/sharedStrings.xml'
10:13:07.894 [TestNG-test-Smoke and Regression Test-3] DEBUG - Save part 'xl/styles.xml'
10:13:07.895 [TestNG-test-Smoke and Regression Test-3] DEBUG - Save part 'xl/workbook.xml'
10:13:07.895 [TestNG-test-Smoke and Regression Test-3] DEBUG - Save part 'xl/worksheets/sheet1.xml'
10:15:19.445 [TestNG-test-Smoke and Regression Test-1] TRACE - Loading type system org.apache.poi.schemas.ooxml.system.ooxml
10:15:19.457 [TestNG-test-Smoke and Regression Test-1] TRACE - Loading type system org.apache.xmlbeans.metadata.system.sXMLCONFIG
10:15:19.457 [TestNG-test-Smoke and Regression Test-1] TRACE - Loading type system org.apache.xmlbeans.metadata.system.sXMLLANG
10:15:19.458 [TestNG-test-Smoke and Regression Test-1] TRACE - Loading type system org.apache.xmlbeans.metadata.system.sXMLSCHEMA
10:15:19.458 [TestNG-test-Smoke and Regression Test-1] TRACE - Loading type system org.apache.xmlbeans.metadata.system.sXMLTOOLS
10:15:19.460 [TestNG-test-Smoke and Regression Test-1] TRACE - Reading unresolved handles for type system org.apache.xmlbeans.metadata.system.sXMLTOOLS
10:15:19.487 [TestNG-test-Smoke and Regression Test-1] TRACE - Finished loading type system org.apache.xmlbeans.metadata.system.sXMLTOOLS
10:15:19.488 [TestNG-test-Smoke and Regression Test-1] TRACE - Reading unresolved handles for type system org.apache.xmlbeans.metadata.system.sXMLSCHEMA
10:15:19.491 [TestNG-test-Smoke and Regression Test-1] TRACE - Finished loading type system org.apache.xmlbeans.metadata.system.sXMLSCHEMA
10:15:19.491 [TestNG-test-Smoke and Regression Test-1] TRACE - Reading unresolved handles for type system org.apache.xmlbeans.metadata.system.sXMLLANG
10:15:19.492 [TestNG-test-Smoke and Regression Test-1] TRACE - Finished loading type system org.apache.xmlbeans.metadata.system.sXMLLANG
10:15:19.493 [TestNG-test-Smoke and Regression Test-1] TRACE - Reading unresolved handles for type system org.apache.xmlbeans.metadata.system.sXMLCONFIG
10:15:19.494 [TestNG-test-Smoke and Regression Test-1] TRACE - Finished loading type system org.apache.xmlbeans.metadata.system.sXMLCONFIG
10:15:19.496 [TestNG-test-Smoke and Regression Test-1] TRACE - Reading unresolved handles for type system org.apache.poi.schemas.ooxml.system.ooxml
10:15:19.573 [TestNG-test-Smoke and Regression Test-1] TRACE - Finished loading type system org.apache.poi.schemas.ooxml.system.ooxml
10:15:19.575 [TestNG-test-Smoke and Regression Test-1] TRACE - Resolving type for handle ctworkbook83c3type
10:15:19.668 [TestNG-test-Smoke and Regression Test-1] TRACE - Resolving type for handle ctworkbookpr03a5type
10:15:19.686 [TestNG-test-Smoke and Regression Test-1] TRACE - Resolving type for handle ctbookviewsb864type
10:15:19.689 [TestNG-test-Smoke and Regression Test-1] TRACE - Resolving type for handle ctbookviewf677type
10:15:19.699 [TestNG-test-Smoke and Regression Test-1] TRACE - Resolving type for handle ctsheets49fdtype
10:15:19.709 [TestNG-test-Smoke and Regression Test-1] TRACE - Resolving type for handle propertiesee84doctype
10:15:19.722 [TestNG-test-Smoke and Regression Test-1] TRACE - Resolving type for handle ctproperties3f10type
10:15:19.735 [TestNG-test-Smoke and Regression Test-1] TRACE - Resolving type for handle properties288cdoctype
10:15:19.738 [TestNG-test-Smoke and Regression Test-1] TRACE - Resolving type for handle ctproperties2c18type
10:15:19.754 [TestNG-test-Smoke and Regression Test-1] TRACE - Resolving type for handle sstf81fdoctype
10:15:19.757 [TestNG-test-Smoke and Regression Test-1] TRACE - Resolving type for handle ctsst44f3type
10:15:19.769 [TestNG-test-Smoke and Regression Test-1] TRACE - Resolving type for handle stylesheet5d8bdoctype
10:15:19.772 [TestNG-test-Smoke and Regression Test-1] TRACE - Resolving type for handle ctstylesheet4257type
10:15:19.779 [TestNG-test-Smoke and Regression Test-1] TRACE - Resolving type for handle ctfont14d8type
10:15:19.794 [TestNG-test-Smoke and Regression Test-1] TRACE - Resolving type for handle ctfontsizeb3b9type
10:15:19.800 [TestNG-test-Smoke and Regression Test-1] TRACE - Resolving type for handle ctcolord2c2type
10:15:19.802 [TestNG-test-Smoke and Regression Test-1] TRACE - Resolving type for handle ctfontname2dc3type
10:15:19.804 [TestNG-test-Smoke and Regression Test-1] TRACE - Resolving type for handle stxstringf179type
10:15:19.807 [TestNG-test-Smoke and Regression Test-1] TRACE - Resolving type for handle ctfontfamily685ctype
10:15:19.811 [TestNG-test-Smoke and Regression Test-1] TRACE - Resolving type for handle stfontfamily9c6ctype
10:15:19.820 [TestNG-test-Smoke and Regression Test-1] TRACE - Resolving type for handle ctfontschemebf5dtype
10:15:19.824 [TestNG-test-Smoke and Regression Test-1] TRACE - Resolving type for handle stfontschemef36dtype
10:15:19.829 [TestNG-test-Smoke and Regression Test-1] TRACE - Resolving type for handle ctfill550ctype
10:15:19.831 [TestNG-test-Smoke and Regression Test-1] TRACE - Resolving type for handle ctpatternfill7452type
10:15:19.835 [TestNG-test-Smoke and Regression Test-1] TRACE - Resolving type for handle stpatterntype7939type
10:15:19.839 [TestNG-test-Smoke and Regression Test-1] TRACE - Resolving type for handle ctborderf935type
10:15:19.843 [TestNG-test-Smoke and Regression Test-1] TRACE - Resolving type for handle ctborderpre497type
10:15:19.854 [TestNG-test-Smoke and Regression Test-1] TRACE - Resolving type for handle ctxf97f7type
10:15:19.858 [TestNG-test-Smoke and Regression Test-1] TRACE - Resolving type for handle stnumfmtid76fbtype
10:15:19.862 [TestNG-test-Smoke and Regression Test-1] TRACE - Resolving type for handle stfontid9d63type
10:15:19.867 [TestNG-test-Smoke and Regression Test-1] TRACE - Resolving type for handle stfillida097type
10:15:19.871 [TestNG-test-Smoke and Regression Test-1] TRACE - Resolving type for handle stborderid1a80type
10:15:19.874 [TestNG-test-Smoke and Regression Test-1] TRACE - Resolving type for handle stcellstylexfid70c7type
10:15:19.888 [TestNG-test-Smoke and Regression Test-1] TRACE - Resolving type for handle ctsheet4dbetype
10:15:19.900 [TestNG-test-Smoke and Regression Test-1] TRACE - Resolving type for handle ctworksheet530dtype
10:15:19.910 [TestNG-test-Smoke and Regression Test-1] TRACE - Resolving type for handle ctsheetformatprdef7type
10:15:19.927 [TestNG-test-Smoke and Regression Test-1] TRACE - Resolving type for handle ctsheetviewsb918type
10:15:19.938 [TestNG-test-Smoke and Regression Test-1] TRACE - Resolving type for handle ctsheetview0f43type
10:15:19.951 [TestNG-test-Smoke and Regression Test-1] TRACE - Resolving type for handle ctsheetdimensiond310type
10:15:19.959 [TestNG-test-Smoke and Regression Test-1] TRACE - Resolving type for handle stref90a2type
10:15:19.968 [TestNG-test-Smoke and Regression Test-1] TRACE - Resolving type for handle ctsheetdata8408type
10:15:19.973 [TestNG-test-Smoke and Regression Test-1] TRACE - Resolving type for handle ctpagemargins5455type
10:15:19.987 [TestNG-test-Smoke and Regression Test-1] TRACE - Resolving type for handle ctcols627ctype
10:15:19.995 [TestNG-test-Smoke and Regression Test-1] TRACE - Resolving type for handle strelationshipid1e94type
10:15:20.001 [TestNG-test-Smoke and Regression Test-1] TRACE - Resolving type for handle ctrowdd39type
10:15:20.013 [TestNG-test-Smoke and Regression Test-1] TRACE - Resolving type for handle ctcell842btype
10:15:20.031 [TestNG-test-Smoke and Regression Test-1] TRACE - Resolving type for handle stcellrefe4e0type
10:15:20.039 [TestNG-test-Smoke and Regression Test-1] TRACE - Resolving type for handle ctrsta472type
10:15:20.046 [TestNG-test-Smoke and Regression Test-1] TRACE - Resolving type for handle stcelltypebf95type
10:15:20.148 [TestNG-test-Smoke and Regression Test-1] TRACE - Resolving type for handle ctnumfmtsb58btype
10:15:20.155 [TestNG-test-Smoke and Regression Test-1] TRACE - Resolving type for handle ctfonts6623type
10:15:20.173 [TestNG-test-Smoke and Regression Test-1] TRACE - Resolving type for handle ctfills2c6ftype
10:15:20.179 [TestNG-test-Smoke and Regression Test-1] TRACE - Resolving type for handle ctborders0d66type
10:15:20.185 [TestNG-test-Smoke and Regression Test-1] TRACE - Resolving type for handle ctcellxfs1322type
10:15:20.196 [TestNG-test-Smoke and Regression Test-1] TRACE - Resolving type for handle ctcellstylexfsa81ftype
10:15:20.256 [TestNG-test-Smoke and Regression Test-1] DEBUG - Save core properties part
10:15:20.257 [TestNG-test-Smoke and Regression Test-1] DEBUG - Save content types part
10:15:20.409 [TestNG-test-Smoke and Regression Test-1] DEBUG - Save package relationships
10:15:20.415 [TestNG-test-Smoke and Regression Test-1] DEBUG - Save part 'docProps/app.xml'
10:15:20.418 [TestNG-test-Smoke and Regression Test-1] DEBUG - Save part 'docProps/core.xml'
10:15:20.424 [TestNG-test-Smoke and Regression Test-1] DEBUG - Save part 'xl/sharedStrings.xml'
10:15:20.424 [TestNG-test-Smoke and Regression Test-1] DEBUG - Save part 'xl/styles.xml'
10:15:20.424 [TestNG-test-Smoke and Regression Test-1] DEBUG - Save part 'xl/workbook.xml'
10:15:20.426 [TestNG-test-Smoke and Regression Test-1] DEBUG - Save part 'xl/worksheets/sheet1.xml'
10:15:20.442 [TestNG-test-Smoke and Regression Test-1] DEBUG - Save content types part
10:15:20.444 [TestNG-test-Smoke and Regression Test-1] DEBUG - Save package relationships
10:15:20.450 [TestNG-test-Smoke and Regression Test-1] DEBUG - Save part 'docProps/app.xml'
10:15:20.451 [TestNG-test-Smoke and Regression Test-1] DEBUG - Save part 'docProps/core.xml'
10:15:20.452 [TestNG-test-Smoke and Regression Test-1] DEBUG - Save part 'xl/sharedStrings.xml'
10:15:20.453 [TestNG-test-Smoke and Regression Test-1] DEBUG - Save part 'xl/styles.xml'
10:15:20.454 [TestNG-test-Smoke and Regression Test-1] DEBUG - Save part 'xl/workbook.xml'
10:15:20.459 [TestNG-test-Smoke and Regression Test-1] DEBUG - Save part 'xl/worksheets/sheet1.xml'
10:15:28.128 [TestNG-test-Smoke and Regression Test-4] DEBUG - Parsing relationship: /xl/_rels/workbook.xml.rels
10:15:28.132 [TestNG-test-Smoke and Regression Test-4] DEBUG - Parsing relationship: /_rels/.rels
10:15:28.194 [TestNG-test-Smoke and Regression Test-4] TRACE - Resolving type for handle themefd26doctype
10:15:28.234 [TestNG-test-Smoke and Regression Test-4] TRACE - Resolving type for handle ctdxfsb26atype
10:15:28.239 [TestNG-test-Smoke and Regression Test-4] TRACE - Resolving type for handle cttablestyles872ftype
10:15:28.255 [TestNG-test-Smoke and Regression Test-4] TRACE - Resolving type for handle workbookec17doctype
10:15:28.266 [TestNG-test-Smoke and Regression Test-4] TRACE - Resolving type for handle worksheetf539doctype
10:15:28.281 [TestNG-test-Smoke and Regression Test-4] TRACE - Resolving type for handle ctcola95ftype
10:15:30.549 [TestNG-test-Smoke and Regression Test-4] DEBUG - Save core properties part
10:15:30.550 [TestNG-test-Smoke and Regression Test-4] DEBUG - Save content types part
10:15:30.551 [TestNG-test-Smoke and Regression Test-4] DEBUG - Save package relationships
10:15:30.552 [TestNG-test-Smoke and Regression Test-4] DEBUG - Save part 'docProps/app.xml'
10:15:30.552 [TestNG-test-Smoke and Regression Test-4] DEBUG - Save part 'docProps/core.xml'
10:15:30.552 [TestNG-test-Smoke and Regression Test-4] DEBUG - Save part 'xl/sharedStrings.xml'
10:15:30.553 [TestNG-test-Smoke and Regression Test-4] DEBUG - Save part 'xl/styles.xml'
10:15:30.553 [TestNG-test-Smoke and Regression Test-4] DEBUG - Save part 'xl/workbook.xml'
10:15:30.553 [TestNG-test-Smoke and Regression Test-4] DEBUG - Save part 'xl/worksheets/sheet1.xml'
10:15:30.555 [TestNG-test-Smoke and Regression Test-4] DEBUG - Save content types part
10:15:30.556 [TestNG-test-Smoke and Regression Test-4] DEBUG - Save package relationships
10:15:30.557 [TestNG-test-Smoke and Regression Test-4] DEBUG - Save part 'docProps/app.xml'
10:15:30.557 [TestNG-test-Smoke and Regression Test-4] DEBUG - Save part 'docProps/core.xml'
10:15:30.558 [TestNG-test-Smoke and Regression Test-4] DEBUG - Save part 'xl/sharedStrings.xml'
10:15:30.558 [TestNG-test-Smoke and Regression Test-4] DEBUG - Save part 'xl/styles.xml'
10:15:30.558 [TestNG-test-Smoke and Regression Test-4] DEBUG - Save part 'xl/workbook.xml'
10:15:30.559 [TestNG-test-Smoke and Regression Test-4] DEBUG - Save part 'xl/worksheets/sheet1.xml'
10:15:32.067 [TestNG-test-Smoke and Regression Test-2] DEBUG - Save core properties part
10:15:32.068 [TestNG-test-Smoke and Regression Test-2] DEBUG - Save content types part
10:15:32.069 [TestNG-test-Smoke and Regression Test-2] DEBUG - Save package relationships
10:15:32.071 [TestNG-test-Smoke and Regression Test-2] DEBUG - Save part 'docProps/app.xml'
10:15:32.071 [TestNG-test-Smoke and Regression Test-2] DEBUG - Save part 'docProps/core.xml'
10:15:32.072 [TestNG-test-Smoke and Regression Test-2] DEBUG - Save part 'xl/sharedStrings.xml'
10:15:32.073 [TestNG-test-Smoke and Regression Test-2] DEBUG - Save part 'xl/styles.xml'
10:15:32.073 [TestNG-test-Smoke and Regression Test-2] DEBUG - Save part 'xl/workbook.xml'
10:15:32.074 [TestNG-test-Smoke and Regression Test-2] DEBUG - Save part 'xl/worksheets/sheet1.xml'
10:15:32.075 [TestNG-test-Smoke and Regression Test-2] DEBUG - Save content types part
10:15:32.075 [TestNG-test-Smoke and Regression Test-2] DEBUG - Save package relationships
10:15:32.080 [TestNG-test-Smoke and Regression Test-2] DEBUG - Save part 'docProps/app.xml'
10:15:32.081 [TestNG-test-Smoke and Regression Test-2] DEBUG - Save part 'docProps/core.xml'
10:15:32.082 [TestNG-test-Smoke and Regression Test-2] DEBUG - Save part 'xl/sharedStrings.xml'
10:15:32.083 [TestNG-test-Smoke and Regression Test-2] DEBUG - Save part 'xl/styles.xml'
10:15:32.083 [TestNG-test-Smoke and Regression Test-2] DEBUG - Save part 'xl/workbook.xml'
10:15:32.085 [TestNG-test-Smoke and Regression Test-2] DEBUG - Save part 'xl/worksheets/sheet1.xml'
10:16:00.508 [TestNG-test-Smoke and Regression Test-3] DEBUG - Save core properties part
10:16:00.508 [TestNG-test-Smoke and Regression Test-3] DEBUG - Save content types part
10:16:00.510 [TestNG-test-Smoke and Regression Test-3] DEBUG - Save package relationships
10:16:00.510 [TestNG-test-Smoke and Regression Test-3] DEBUG - Save part 'docProps/app.xml'
10:16:00.511 [TestNG-test-Smoke and Regression Test-3] DEBUG - Save part 'docProps/core.xml'
10:16:00.511 [TestNG-test-Smoke and Regression Test-3] DEBUG - Save part 'xl/sharedStrings.xml'
10:16:00.511 [TestNG-test-Smoke and Regression Test-3] DEBUG - Save part 'xl/styles.xml'
10:16:00.511 [TestNG-test-Smoke and Regression Test-3] DEBUG - Save part 'xl/workbook.xml'
10:16:00.512 [TestNG-test-Smoke and Regression Test-3] DEBUG - Save part 'xl/worksheets/sheet1.xml'
10:16:00.512 [TestNG-test-Smoke and Regression Test-3] DEBUG - Save content types part
10:16:00.513 [TestNG-test-Smoke and Regression Test-3] DEBUG - Save package relationships
10:16:00.513 [TestNG-test-Smoke and Regression Test-3] DEBUG - Save part 'docProps/app.xml'
10:16:00.513 [TestNG-test-Smoke and Regression Test-3] DEBUG - Save part 'docProps/core.xml'
10:16:00.515 [TestNG-test-Smoke and Regression Test-3] DEBUG - Save part 'xl/sharedStrings.xml'
10:16:00.516 [TestNG-test-Smoke and Regression Test-3] DEBUG - Save part 'xl/styles.xml'
10:16:00.516 [TestNG-test-Smoke and Regression Test-3] DEBUG - Save part 'xl/workbook.xml'
10:16:00.517 [TestNG-test-Smoke and Regression Test-3] DEBUG - Save part 'xl/worksheets/sheet1.xml'
10:37:04.600 [TestNG-test-Smoke and Regression Test-4] DEBUG - Parsing relationship: /xl/_rels/workbook.xml.rels
10:37:04.609 [TestNG-test-Smoke and Regression Test-4] DEBUG - Parsing relationship: /_rels/.rels
10:37:04.762 [TestNG-test-Smoke and Regression Test-1] TRACE - Loading type system org.apache.poi.schemas.ooxml.system.ooxml
10:37:04.768 [TestNG-test-Smoke and Regression Test-1] TRACE - Loading type system org.apache.xmlbeans.metadata.system.sXMLCONFIG
10:37:04.769 [TestNG-test-Smoke and Regression Test-1] TRACE - Loading type system org.apache.xmlbeans.metadata.system.sXMLLANG
10:37:04.769 [TestNG-test-Smoke and Regression Test-1] TRACE - Loading type system org.apache.xmlbeans.metadata.system.sXMLSCHEMA
10:37:04.770 [TestNG-test-Smoke and Regression Test-1] TRACE - Loading type system org.apache.xmlbeans.metadata.system.sXMLTOOLS
10:37:04.772 [TestNG-test-Smoke and Regression Test-1] TRACE - Reading unresolved handles for type system org.apache.xmlbeans.metadata.system.sXMLTOOLS
10:37:04.815 [TestNG-test-Smoke and Regression Test-1] TRACE - Finished loading type system org.apache.xmlbeans.metadata.system.sXMLTOOLS
10:37:04.817 [TestNG-test-Smoke and Regression Test-1] TRACE - Reading unresolved handles for type system org.apache.xmlbeans.metadata.system.sXMLSCHEMA
10:37:04.830 [TestNG-test-Smoke and Regression Test-1] TRACE - Finished loading type system org.apache.xmlbeans.metadata.system.sXMLSCHEMA
10:37:04.832 [TestNG-test-Smoke and Regression Test-1] TRACE - Reading unresolved handles for type system org.apache.xmlbeans.metadata.system.sXMLLANG
10:37:04.834 [TestNG-test-Smoke and Regression Test-1] TRACE - Finished loading type system org.apache.xmlbeans.metadata.system.sXMLLANG
10:37:04.839 [TestNG-test-Smoke and Regression Test-1] TRACE - Reading unresolved handles for type system org.apache.xmlbeans.metadata.system.sXMLCONFIG
10:37:04.841 [TestNG-test-Smoke and Regression Test-1] TRACE - Finished loading type system org.apache.xmlbeans.metadata.system.sXMLCONFIG
10:37:04.843 [TestNG-test-Smoke and Regression Test-1] TRACE - Reading unresolved handles for type system org.apache.poi.schemas.ooxml.system.ooxml
10:37:04.911 [TestNG-test-Smoke and Regression Test-1] TRACE - Finished loading type system org.apache.poi.schemas.ooxml.system.ooxml
10:37:04.912 [TestNG-test-Smoke and Regression Test-4] TRACE - Resolving type for handle themefd26doctype
10:37:04.913 [TestNG-test-Smoke and Regression Test-1] TRACE - Resolving type for handle ctworkbook83c3type
10:37:04.993 [TestNG-test-Smoke and Regression Test-1] TRACE - Resolving type for handle ctworkbookpr03a5type
10:37:05.005 [TestNG-test-Smoke and Regression Test-1] TRACE - Resolving type for handle ctbookviewsb864type
10:37:05.011 [TestNG-test-Smoke and Regression Test-4] TRACE - Resolving type for handle stylesheet5d8bdoctype
10:37:05.015 [TestNG-test-Smoke and Regression Test-1] TRACE - Resolving type for handle ctbookviewf677type
10:37:05.020 [TestNG-test-Smoke and Regression Test-4] TRACE - Resolving type for handle ctstylesheet4257type
10:37:05.022 [TestNG-test-Smoke and Regression Test-4] TRACE - Resolving type for handle ctfonts6623type
10:37:05.024 [TestNG-test-Smoke and Regression Test-1] TRACE - Resolving type for handle ctsheets49fdtype
10:37:05.029 [TestNG-test-Smoke and Regression Test-4] TRACE - Resolving type for handle ctfont14d8type
10:37:05.035 [TestNG-test-Smoke and Regression Test-1] TRACE - Resolving type for handle propertiesee84doctype
10:37:05.036 [TestNG-test-Smoke and Regression Test-1] TRACE - Resolving type for handle ctproperties3f10type
10:37:05.037 [TestNG-test-Smoke and Regression Test-4] TRACE - Resolving type for handle ctfills2c6ftype
10:37:05.038 [TestNG-test-Smoke and Regression Test-1] TRACE - Resolving type for handle properties288cdoctype
10:37:05.039 [TestNG-test-Smoke and Regression Test-4] TRACE - Resolving type for handle ctfill550ctype
10:37:05.039 [TestNG-test-Smoke and Regression Test-1] TRACE - Resolving type for handle ctproperties2c18type
10:37:05.044 [TestNG-test-Smoke and Regression Test-4] TRACE - Resolving type for handle ctborders0d66type
10:37:05.049 [TestNG-test-Smoke and Regression Test-4] TRACE - Resolving type for handle ctborderf935type
10:37:05.052 [TestNG-test-Smoke and Regression Test-1] TRACE - Resolving type for handle sstf81fdoctype
10:37:05.053 [TestNG-test-Smoke and Regression Test-1] TRACE - Resolving type for handle ctsst44f3type
10:37:05.053 [TestNG-test-Smoke and Regression Test-4] TRACE - Resolving type for handle ctcellxfs1322type
10:37:05.055 [TestNG-test-Smoke and Regression Test-4] TRACE - Resolving type for handle ctxf97f7type
10:37:05.055 [TestNG-test-Smoke and Regression Test-1] TRACE - Resolving type for handle ctfontsizeb3b9type
10:37:05.062 [TestNG-test-Smoke and Regression Test-4] TRACE - Resolving type for handle ctcellstylexfsa81ftype
10:37:05.065 [TestNG-test-Smoke and Regression Test-1] TRACE - Resolving type for handle ctcolord2c2type
10:37:05.067 [TestNG-test-Smoke and Regression Test-4] TRACE - Resolving type for handle ctdxfsb26atype
10:37:05.068 [TestNG-test-Smoke and Regression Test-1] TRACE - Resolving type for handle ctfontname2dc3type
10:37:05.069 [TestNG-test-Smoke and Regression Test-4] TRACE - Resolving type for handle cttablestyles872ftype
10:37:05.070 [TestNG-test-Smoke and Regression Test-1] TRACE - Resolving type for handle stxstringf179type
10:37:05.072 [TestNG-test-Smoke and Regression Test-1] TRACE - Resolving type for handle ctfontfamily685ctype
10:37:05.079 [TestNG-test-Smoke and Regression Test-1] TRACE - Resolving type for handle stfontfamily9c6ctype
10:37:05.084 [TestNG-test-Smoke and Regression Test-1] TRACE - Resolving type for handle ctfontschemebf5dtype
10:37:05.086 [TestNG-test-Smoke and Regression Test-4] TRACE - Resolving type for handle ctrsta472type
10:37:05.088 [TestNG-test-Smoke and Regression Test-1] TRACE - Resolving type for handle stfontschemef36dtype
10:37:05.095 [TestNG-test-Smoke and Regression Test-1] TRACE - Resolving type for handle ctpatternfill7452type
10:37:05.101 [TestNG-test-Smoke and Regression Test-1] TRACE - Resolving type for handle stpatterntype7939type
10:37:05.105 [TestNG-test-Smoke and Regression Test-1] TRACE - Resolving type for handle ctborderpre497type
10:37:05.115 [TestNG-test-Smoke and Regression Test-1] TRACE - Resolving type for handle stnumfmtid76fbtype
10:37:05.117 [TestNG-test-Smoke and Regression Test-1] TRACE - Resolving type for handle stfontid9d63type
10:37:05.118 [TestNG-test-Smoke and Regression Test-1] TRACE - Resolving type for handle stfillida097type
10:37:05.120 [TestNG-test-Smoke and Regression Test-1] TRACE - Resolving type for handle stborderid1a80type
10:37:05.121 [TestNG-test-Smoke and Regression Test-4] TRACE - Resolving type for handle workbookec17doctype
10:37:05.122 [TestNG-test-Smoke and Regression Test-1] TRACE - Resolving type for handle stcellstylexfid70c7type
10:37:05.130 [TestNG-test-Smoke and Regression Test-4] TRACE - Resolving type for handle ctsheet4dbetype
10:37:05.136 [TestNG-test-Smoke and Regression Test-4] TRACE - Resolving type for handle strelationshipid1e94type
10:37:05.138 [TestNG-test-Smoke and Regression Test-1] TRACE - Resolving type for handle ctworksheet530dtype
10:37:05.144 [TestNG-test-Smoke and Regression Test-4] TRACE - Resolving type for handle worksheetf539doctype
10:37:05.151 [TestNG-test-Smoke and Regression Test-1] TRACE - Resolving type for handle ctsheetformatprdef7type
10:37:05.153 [TestNG-test-Smoke and Regression Test-4] TRACE - Resolving type for handle ctsheetdata8408type
10:37:05.162 [TestNG-test-Smoke and Regression Test-4] TRACE - Resolving type for handle ctrowdd39type
10:37:05.162 [TestNG-test-Smoke and Regression Test-1] TRACE - Resolving type for handle ctsheetviewsb918type
10:37:05.167 [TestNG-test-Smoke and Regression Test-1] TRACE - Resolving type for handle ctsheetview0f43type
10:37:05.171 [TestNG-test-Smoke and Regression Test-4] TRACE - Resolving type for handle ctcell842btype
10:37:05.180 [TestNG-test-Smoke and Regression Test-1] TRACE - Resolving type for handle ctsheetdimensiond310type
10:37:05.184 [TestNG-test-Smoke and Regression Test-1] TRACE - Resolving type for handle stref90a2type
10:37:05.186 [TestNG-test-Smoke and Regression Test-1] TRACE - Resolving type for handle ctpagemargins5455type
10:37:05.188 [TestNG-test-Smoke and Regression Test-4] TRACE - Resolving type for handle stcellrefe4e0type
10:37:05.194 [TestNG-test-Smoke and Regression Test-1] TRACE - Resolving type for handle ctcols627ctype
10:37:05.203 [TestNG-test-Smoke and Regression Test-4] TRACE - Resolving type for handle ctcola95ftype
10:37:05.205 [TestNG-test-Smoke and Regression Test-1] TRACE - Resolving type for handle stcelltypebf95type
10:37:05.238 [TestNG-test-Smoke and Regression Test-1] TRACE - Resolving type for handle ctnumfmtsb58btype
10:37:05.268 [TestNG-test-Smoke and Regression Test-1] DEBUG - Save core properties part
10:37:05.269 [TestNG-test-Smoke and Regression Test-1] DEBUG - Save content types part
10:37:05.389 [TestNG-test-Smoke and Regression Test-1] DEBUG - Save package relationships
10:37:05.396 [TestNG-test-Smoke and Regression Test-1] DEBUG - Save part 'docProps/app.xml'
10:37:05.397 [TestNG-test-Smoke and Regression Test-1] DEBUG - Save part 'docProps/core.xml'
10:37:05.401 [TestNG-test-Smoke and Regression Test-1] DEBUG - Save part 'xl/sharedStrings.xml'
10:37:05.402 [TestNG-test-Smoke and Regression Test-1] DEBUG - Save part 'xl/styles.xml'
10:37:05.402 [TestNG-test-Smoke and Regression Test-1] DEBUG - Save part 'xl/workbook.xml'
10:37:05.404 [TestNG-test-Smoke and Regression Test-1] DEBUG - Save part 'xl/worksheets/sheet1.xml'
10:37:05.410 [TestNG-test-Smoke and Regression Test-1] DEBUG - Save content types part
10:37:05.413 [TestNG-test-Smoke and Regression Test-1] DEBUG - Save package relationships
10:37:05.415 [TestNG-test-Smoke and Regression Test-1] DEBUG - Save part 'docProps/app.xml'
10:37:05.416 [TestNG-test-Smoke and Regression Test-1] DEBUG - Save part 'docProps/core.xml'
10:37:05.419 [TestNG-test-Smoke and Regression Test-1] DEBUG - Save part 'xl/sharedStrings.xml'
10:37:05.420 [TestNG-test-Smoke and Regression Test-1] DEBUG - Save part 'xl/styles.xml'
10:37:05.420 [TestNG-test-Smoke and Regression Test-1] DEBUG - Save part 'xl/workbook.xml'
10:37:05.422 [TestNG-test-Smoke and Regression Test-1] DEBUG - Save part 'xl/worksheets/sheet1.xml'
10:37:07.338 [TestNG-test-Smoke and Regression Test-4] DEBUG - Save core properties part
10:37:07.339 [TestNG-test-Smoke and Regression Test-4] DEBUG - Save content types part
10:37:07.343 [TestNG-test-Smoke and Regression Test-4] DEBUG - Save package relationships
10:37:07.348 [TestNG-test-Smoke and Regression Test-4] DEBUG - Save part 'docProps/app.xml'
10:37:07.349 [TestNG-test-Smoke and Regression Test-4] DEBUG - Save part 'docProps/core.xml'
10:37:07.352 [TestNG-test-Smoke and Regression Test-4] DEBUG - Save part 'xl/sharedStrings.xml'
10:37:07.353 [TestNG-test-Smoke and Regression Test-4] DEBUG - Save part 'xl/styles.xml'
10:37:07.354 [TestNG-test-Smoke and Regression Test-4] DEBUG - Save part 'xl/workbook.xml'
10:37:07.362 [TestNG-test-Smoke and Regression Test-4] DEBUG - Save part 'xl/worksheets/sheet1.xml'
10:37:07.364 [TestNG-test-Smoke and Regression Test-4] DEBUG - Save content types part
10:37:07.366 [TestNG-test-Smoke and Regression Test-4] DEBUG - Save package relationships
10:37:07.369 [TestNG-test-Smoke and Regression Test-4] DEBUG - Save part 'docProps/app.xml'
10:37:07.369 [TestNG-test-Smoke and Regression Test-4] DEBUG - Save part 'docProps/core.xml'
10:37:07.376 [TestNG-test-Smoke and Regression Test-4] DEBUG - Save part 'xl/sharedStrings.xml'
10:37:07.377 [TestNG-test-Smoke and Regression Test-4] DEBUG - Save part 'xl/styles.xml'
10:37:07.378 [TestNG-test-Smoke and Regression Test-4] DEBUG - Save part 'xl/workbook.xml'
10:37:07.382 [TestNG-test-Smoke and Regression Test-4] DEBUG - Save part 'xl/worksheets/sheet1.xml'
10:37:27.990 [TestNG-test-Smoke and Regression Test-2] DEBUG - Save core properties part
10:37:27.990 [TestNG-test-Smoke and Regression Test-2] DEBUG - Save content types part
10:37:27.991 [TestNG-test-Smoke and Regression Test-2] DEBUG - Save package relationships
10:37:27.992 [TestNG-test-Smoke and Regression Test-2] DEBUG - Save part 'docProps/app.xml'
10:37:27.992 [TestNG-test-Smoke and Regression Test-2] DEBUG - Save part 'docProps/core.xml'
10:37:27.993 [TestNG-test-Smoke and Regression Test-2] DEBUG - Save part 'xl/sharedStrings.xml'
10:37:27.993 [TestNG-test-Smoke and Regression Test-2] DEBUG - Save part 'xl/styles.xml'
10:37:27.993 [TestNG-test-Smoke and Regression Test-2] DEBUG - Save part 'xl/workbook.xml'
10:37:27.994 [TestNG-test-Smoke and Regression Test-2] DEBUG - Save part 'xl/worksheets/sheet1.xml'
10:37:27.995 [TestNG-test-Smoke and Regression Test-2] DEBUG - Save content types part
10:37:27.995 [TestNG-test-Smoke and Regression Test-2] DEBUG - Save package relationships
10:37:27.996 [TestNG-test-Smoke and Regression Test-2] DEBUG - Save part 'docProps/app.xml'
10:37:27.996 [TestNG-test-Smoke and Regression Test-2] DEBUG - Save part 'docProps/core.xml'
10:37:27.997 [TestNG-test-Smoke and Regression Test-2] DEBUG - Save part 'xl/sharedStrings.xml'
10:37:27.997 [TestNG-test-Smoke and Regression Test-2] DEBUG - Save part 'xl/styles.xml'
10:37:27.998 [TestNG-test-Smoke and Regression Test-2] DEBUG - Save part 'xl/workbook.xml'
10:37:28.000 [TestNG-test-Smoke and Regression Test-2] DEBUG - Save part 'xl/worksheets/sheet1.xml'
10:37:41.033 [TestNG-test-Smoke and Regression Test-3] DEBUG - Save core properties part
10:37:41.033 [TestNG-test-Smoke and Regression Test-3] DEBUG - Save content types part
10:37:41.034 [TestNG-test-Smoke and Regression Test-3] DEBUG - Save package relationships
10:37:41.035 [TestNG-test-Smoke and Regression Test-3] DEBUG - Save part 'docProps/app.xml'
10:37:41.035 [TestNG-test-Smoke and Regression Test-3] DEBUG - Save part 'docProps/core.xml'
10:37:41.036 [TestNG-test-Smoke and Regression Test-3] DEBUG - Save part 'xl/sharedStrings.xml'
10:37:41.036 [TestNG-test-Smoke and Regression Test-3] DEBUG - Save part 'xl/styles.xml'
10:37:41.036 [TestNG-test-Smoke and Regression Test-3] DEBUG - Save part 'xl/workbook.xml'
10:37:41.037 [TestNG-test-Smoke and Regression Test-3] DEBUG - Save part 'xl/worksheets/sheet1.xml'
10:37:41.040 [TestNG-test-Smoke and Regression Test-3] DEBUG - Save content types part
10:37:41.043 [TestNG-test-Smoke and Regression Test-3] DEBUG - Save package relationships
10:37:41.044 [TestNG-test-Smoke and Regression Test-3] DEBUG - Save part 'docProps/app.xml'
10:37:41.044 [TestNG-test-Smoke and Regression Test-3] DEBUG - Save part 'docProps/core.xml'
10:37:41.045 [TestNG-test-Smoke and Regression Test-3] DEBUG - Save part 'xl/sharedStrings.xml'
10:37:41.045 [TestNG-test-Smoke and Regression Test-3] DEBUG - Save part 'xl/styles.xml'
10:37:41.045 [TestNG-test-Smoke and Regression Test-3] DEBUG - Save part 'xl/workbook.xml'
10:37:41.046 [TestNG-test-Smoke and Regression Test-3] DEBUG - Save part 'xl/worksheets/sheet1.xml'
10:42:04.518 [TestNG-test-Smoke and Regression Test-4] DEBUG - Parsing relationship: /xl/_rels/workbook.xml.rels
10:42:04.654 [TestNG-test-Smoke and Regression Test-4] DEBUG - Parsing relationship: /_rels/.rels
10:42:05.195 [TestNG-test-Smoke and Regression Test-4] TRACE - Loading type system org.apache.poi.schemas.ooxml.system.ooxml
10:42:05.208 [TestNG-test-Smoke and Regression Test-4] TRACE - Loading type system org.apache.xmlbeans.metadata.system.sXMLCONFIG
10:42:05.210 [TestNG-test-Smoke and Regression Test-4] TRACE - Loading type system org.apache.xmlbeans.metadata.system.sXMLLANG
10:42:05.212 [TestNG-test-Smoke and Regression Test-4] TRACE - Loading type system org.apache.xmlbeans.metadata.system.sXMLSCHEMA
10:42:05.216 [TestNG-test-Smoke and Regression Test-4] TRACE - Loading type system org.apache.xmlbeans.metadata.system.sXMLTOOLS
10:42:05.219 [TestNG-test-Smoke and Regression Test-4] TRACE - Reading unresolved handles for type system org.apache.xmlbeans.metadata.system.sXMLTOOLS
10:42:05.250 [TestNG-test-Smoke and Regression Test-4] TRACE - Finished loading type system org.apache.xmlbeans.metadata.system.sXMLTOOLS
10:42:05.251 [TestNG-test-Smoke and Regression Test-4] TRACE - Reading unresolved handles for type system org.apache.xmlbeans.metadata.system.sXMLSCHEMA
10:42:05.256 [TestNG-test-Smoke and Regression Test-4] TRACE - Finished loading type system org.apache.xmlbeans.metadata.system.sXMLSCHEMA
10:42:05.258 [TestNG-test-Smoke and Regression Test-4] TRACE - Reading unresolved handles for type system org.apache.xmlbeans.metadata.system.sXMLLANG
10:42:05.259 [TestNG-test-Smoke and Regression Test-4] TRACE - Finished loading type system org.apache.xmlbeans.metadata.system.sXMLLANG
10:42:05.261 [TestNG-test-Smoke and Regression Test-4] TRACE - Reading unresolved handles for type system org.apache.xmlbeans.metadata.system.sXMLCONFIG
10:42:05.263 [TestNG-test-Smoke and Regression Test-4] TRACE - Finished loading type system org.apache.xmlbeans.metadata.system.sXMLCONFIG
10:42:05.266 [TestNG-test-Smoke and Regression Test-4] TRACE - Reading unresolved handles for type system org.apache.poi.schemas.ooxml.system.ooxml
10:42:05.373 [TestNG-test-Smoke and Regression Test-4] TRACE - Finished loading type system org.apache.poi.schemas.ooxml.system.ooxml
10:42:05.376 [TestNG-test-Smoke and Regression Test-4] TRACE - Resolving type for handle themefd26doctype
10:42:05.478 [TestNG-test-Smoke and Regression Test-4] TRACE - Resolving type for handle stylesheet5d8bdoctype
10:42:05.487 [TestNG-test-Smoke and Regression Test-4] TRACE - Resolving type for handle ctstylesheet4257type
10:42:05.491 [TestNG-test-Smoke and Regression Test-4] TRACE - Resolving type for handle ctfonts6623type
10:42:05.497 [TestNG-test-Smoke and Regression Test-4] TRACE - Resolving type for handle ctfont14d8type
10:42:05.505 [TestNG-test-Smoke and Regression Test-4] TRACE - Resolving type for handle ctfills2c6ftype
10:42:05.508 [TestNG-test-Smoke and Regression Test-4] TRACE - Resolving type for handle ctfill550ctype
10:42:05.511 [TestNG-test-Smoke and Regression Test-4] TRACE - Resolving type for handle ctborders0d66type
10:42:05.518 [TestNG-test-Smoke and Regression Test-4] TRACE - Resolving type for handle ctborderf935type
10:42:05.522 [TestNG-test-Smoke and Regression Test-4] TRACE - Resolving type for handle ctcellxfs1322type
10:42:05.526 [TestNG-test-Smoke and Regression Test-4] TRACE - Resolving type for handle ctxf97f7type
10:42:05.531 [TestNG-test-Smoke and Regression Test-4] TRACE - Resolving type for handle ctcellstylexfsa81ftype
10:42:05.535 [TestNG-test-Smoke and Regression Test-4] TRACE - Resolving type for handle ctdxfsb26atype
10:42:05.539 [TestNG-test-Smoke and Regression Test-4] TRACE - Resolving type for handle cttablestyles872ftype
10:42:05.545 [TestNG-test-Smoke and Regression Test-4] TRACE - Resolving type for handle sstf81fdoctype
10:42:05.550 [TestNG-test-Smoke and Regression Test-4] TRACE - Resolving type for handle ctsst44f3type
10:42:05.569 [TestNG-test-Smoke and Regression Test-4] TRACE - Resolving type for handle ctrsta472type
10:42:05.609 [TestNG-test-Smoke and Regression Test-4] TRACE - Resolving type for handle workbookec17doctype
10:42:05.622 [TestNG-test-Smoke and Regression Test-4] TRACE - Resolving type for handle ctworkbook83c3type
10:42:05.628 [TestNG-test-Smoke and Regression Test-4] TRACE - Resolving type for handle ctsheets49fdtype
10:42:05.633 [TestNG-test-Smoke and Regression Test-4] TRACE - Resolving type for handle ctsheet4dbetype
10:42:05.637 [TestNG-test-Smoke and Regression Test-4] TRACE - Resolving type for handle strelationshipid1e94type
10:42:05.641 [TestNG-test-Smoke and Regression Test-4] TRACE - Resolving type for handle worksheetf539doctype
10:42:05.650 [TestNG-test-Smoke and Regression Test-4] TRACE - Resolving type for handle ctworksheet530dtype
10:42:05.657 [TestNG-test-Smoke and Regression Test-4] TRACE - Resolving type for handle ctsheetdata8408type
10:42:05.660 [TestNG-test-Smoke and Regression Test-4] TRACE - Resolving type for handle ctrowdd39type
10:42:05.670 [TestNG-test-Smoke and Regression Test-4] TRACE - Resolving type for handle ctcell842btype
10:42:05.684 [TestNG-test-Smoke and Regression Test-4] TRACE - Resolving type for handle stcellrefe4e0type
10:42:05.700 [TestNG-test-Smoke and Regression Test-4] TRACE - Resolving type for handle ctcols627ctype
10:42:05.708 [TestNG-test-Smoke and Regression Test-4] TRACE - Resolving type for handle ctcola95ftype
10:42:05.737 [TestNG-test-Smoke and Regression Test-4] TRACE - Resolving type for handle stxstringf179type
10:42:05.740 [TestNG-test-Smoke and Regression Test-4] TRACE - Resolving type for handle stcelltypebf95type
10:42:05.754 [TestNG-test-Smoke and Regression Test-4] TRACE - Resolving type for handle stcellstylexfid70c7type
10:42:05.758 [TestNG-test-Smoke and Regression Test-4] TRACE - Resolving type for handle stnumfmtid76fbtype
10:42:06.253 [TestNG-test-Smoke and Regression Test-2] TRACE - Resolving type for handle ctworkbookpr03a5type
10:42:06.261 [TestNG-test-Smoke and Regression Test-2] TRACE - Resolving type for handle ctbookviewsb864type
10:42:06.270 [TestNG-test-Smoke and Regression Test-2] TRACE - Resolving type for handle ctbookviewf677type
10:42:06.283 [TestNG-test-Smoke and Regression Test-2] TRACE - Resolving type for handle propertiesee84doctype
10:42:06.287 [TestNG-test-Smoke and Regression Test-2] TRACE - Resolving type for handle ctproperties3f10type
10:42:06.299 [TestNG-test-Smoke and Regression Test-2] TRACE - Resolving type for handle properties288cdoctype
10:42:06.302 [TestNG-test-Smoke and Regression Test-2] TRACE - Resolving type for handle ctproperties2c18type
10:42:06.315 [TestNG-test-Smoke and Regression Test-2] TRACE - Resolving type for handle ctfontsizeb3b9type
10:42:06.319 [TestNG-test-Smoke and Regression Test-2] TRACE - Resolving type for handle ctcolord2c2type
10:42:06.324 [TestNG-test-Smoke and Regression Test-2] TRACE - Resolving type for handle ctfontname2dc3type
10:42:06.332 [TestNG-test-Smoke and Regression Test-2] TRACE - Resolving type for handle ctfontfamily685ctype
10:42:06.337 [TestNG-test-Smoke and Regression Test-2] TRACE - Resolving type for handle stfontfamily9c6ctype
10:42:06.342 [TestNG-test-Smoke and Regression Test-2] TRACE - Resolving type for handle ctfontschemebf5dtype
10:42:06.347 [TestNG-test-Smoke and Regression Test-1] TRACE - Resolving type for handle stfontschemef36dtype
10:42:06.351 [TestNG-test-Smoke and Regression Test-2] TRACE - Resolving type for handle ctpatternfill7452type
10:42:06.356 [TestNG-test-Smoke and Regression Test-2] TRACE - Resolving type for handle stpatterntype7939type
10:42:06.360 [TestNG-test-Smoke and Regression Test-1] TRACE - Resolving type for handle ctborderpre497type
10:42:06.366 [TestNG-test-Smoke and Regression Test-1] TRACE - Resolving type for handle stfontid9d63type
10:42:06.368 [TestNG-test-Smoke and Regression Test-1] TRACE - Resolving type for handle stfillida097type
10:42:06.371 [TestNG-test-Smoke and Regression Test-2] TRACE - Resolving type for handle stborderid1a80type
10:42:06.376 [TestNG-test-Smoke and Regression Test-2] TRACE - Resolving type for handle ctsheetformatprdef7type
10:42:06.383 [TestNG-test-Smoke and Regression Test-1] TRACE - Resolving type for handle ctsheetviewsb918type
10:42:06.386 [TestNG-test-Smoke and Regression Test-1] TRACE - Resolving type for handle ctsheetview0f43type
10:42:06.393 [TestNG-test-Smoke and Regression Test-2] TRACE - Resolving type for handle ctsheetdimensiond310type
10:42:06.401 [TestNG-test-Smoke and Regression Test-2] TRACE - Resolving type for handle stref90a2type
10:42:06.404 [TestNG-test-Smoke and Regression Test-2] TRACE - Resolving type for handle ctpagemargins5455type
10:42:06.427 [TestNG-test-Smoke and Regression Test-2] TRACE - Resolving type for handle ctnumfmtsb58btype
10:42:06.456 [TestNG-test-Smoke and Regression Test-1] DEBUG - Save core properties part
10:42:06.456 [TestNG-test-Smoke and Regression Test-2] DEBUG - Save core properties part
10:42:06.456 [TestNG-test-Smoke and Regression Test-2] DEBUG - Save content types part
10:42:06.456 [TestNG-test-Smoke and Regression Test-1] DEBUG - Save content types part
10:42:06.597 [TestNG-test-Smoke and Regression Test-1] DEBUG - Save package relationships
10:42:06.597 [TestNG-test-Smoke and Regression Test-2] DEBUG - Save package relationships
10:42:06.604 [TestNG-test-Smoke and Regression Test-2] DEBUG - Save part 'docProps/app.xml'
10:42:06.604 [TestNG-test-Smoke and Regression Test-1] DEBUG - Save part 'docProps/app.xml'
10:42:06.605 [TestNG-test-Smoke and Regression Test-2] DEBUG - Save part 'docProps/core.xml'
10:42:06.605 [TestNG-test-Smoke and Regression Test-1] DEBUG - Save part 'docProps/core.xml'
10:42:06.610 [TestNG-test-Smoke and Regression Test-2] DEBUG - Save part 'xl/sharedStrings.xml'
10:42:06.610 [TestNG-test-Smoke and Regression Test-1] DEBUG - Save part 'xl/sharedStrings.xml'
10:42:06.616 [TestNG-test-Smoke and Regression Test-2] DEBUG - Save part 'xl/styles.xml'
10:42:06.616 [TestNG-test-Smoke and Regression Test-1] DEBUG - Save part 'xl/styles.xml'
10:42:06.617 [TestNG-test-Smoke and Regression Test-2] DEBUG - Save part 'xl/workbook.xml'
10:42:06.617 [TestNG-test-Smoke and Regression Test-1] DEBUG - Save part 'xl/workbook.xml'
10:42:06.620 [TestNG-test-Smoke and Regression Test-2] DEBUG - Save part 'xl/worksheets/sheet1.xml'
10:42:06.620 [TestNG-test-Smoke and Regression Test-1] DEBUG - Save part 'xl/worksheets/sheet1.xml'
10:42:06.623 [TestNG-test-Smoke and Regression Test-1] DEBUG - Save content types part
10:42:06.623 [TestNG-test-Smoke and Regression Test-2] DEBUG - Save content types part
10:42:06.625 [TestNG-test-Smoke and Regression Test-2] DEBUG - Save package relationships
10:42:06.625 [TestNG-test-Smoke and Regression Test-1] DEBUG - Save package relationships
10:42:06.629 [TestNG-test-Smoke and Regression Test-2] DEBUG - Save part 'docProps/app.xml'
10:42:06.630 [TestNG-test-Smoke and Regression Test-2] DEBUG - Save part 'docProps/core.xml'
10:42:06.633 [TestNG-test-Smoke and Regression Test-1] DEBUG - Save part 'docProps/app.xml'
10:42:06.634 [TestNG-test-Smoke and Regression Test-2] DEBUG - Save part 'xl/sharedStrings.xml'
10:42:06.634 [TestNG-test-Smoke and Regression Test-1] DEBUG - Save part 'docProps/core.xml'
10:42:06.634 [TestNG-test-Smoke and Regression Test-2] DEBUG - Save part 'xl/styles.xml'
10:42:06.635 [TestNG-test-Smoke and Regression Test-2] DEBUG - Save part 'xl/workbook.xml'
10:42:06.637 [TestNG-test-Smoke and Regression Test-1] DEBUG - Save part 'xl/sharedStrings.xml'
10:42:06.637 [TestNG-test-Smoke and Regression Test-2] DEBUG - Save part 'xl/worksheets/sheet1.xml'
10:42:06.638 [TestNG-test-Smoke and Regression Test-1] DEBUG - Save part 'xl/styles.xml'
10:42:06.638 [TestNG-test-Smoke and Regression Test-1] DEBUG - Save part 'xl/workbook.xml'
10:42:06.640 [TestNG-test-Smoke and Regression Test-1] DEBUG - Save part 'xl/worksheets/sheet1.xml'
10:42:08.469 [TestNG-test-Smoke and Regression Test-4] DEBUG - Save core properties part
10:42:08.470 [TestNG-test-Smoke and Regression Test-4] DEBUG - Save content types part
10:42:08.472 [TestNG-test-Smoke and Regression Test-4] DEBUG - Save package relationships
10:42:08.477 [TestNG-test-Smoke and Regression Test-4] DEBUG - Save part 'docProps/app.xml'
10:42:08.479 [TestNG-test-Smoke and Regression Test-4] DEBUG - Save part 'docProps/core.xml'
10:42:08.483 [TestNG-test-Smoke and Regression Test-4] DEBUG - Save part 'xl/sharedStrings.xml'
10:42:08.484 [TestNG-test-Smoke and Regression Test-4] DEBUG - Save part 'xl/styles.xml'
10:42:08.486 [TestNG-test-Smoke and Regression Test-4] DEBUG - Save part 'xl/workbook.xml'
10:42:08.492 [TestNG-test-Smoke and Regression Test-4] DEBUG - Save part 'xl/worksheets/sheet1.xml'
10:42:08.501 [TestNG-test-Smoke and Regression Test-4] DEBUG - Save content types part
10:42:08.504 [TestNG-test-Smoke and Regression Test-4] DEBUG - Save package relationships
10:42:08.507 [TestNG-test-Smoke and Regression Test-4] DEBUG - Save part 'docProps/app.xml'
10:42:08.507 [TestNG-test-Smoke and Regression Test-4] DEBUG - Save part 'docProps/core.xml'
10:42:08.510 [TestNG-test-Smoke and Regression Test-4] DEBUG - Save part 'xl/sharedStrings.xml'
10:42:08.515 [TestNG-test-Smoke and Regression Test-4] DEBUG - Save part 'xl/styles.xml'
10:42:08.518 [TestNG-test-Smoke and Regression Test-4] DEBUG - Save part 'xl/workbook.xml'
10:42:08.524 [TestNG-test-Smoke and Regression Test-4] DEBUG - Save part 'xl/worksheets/sheet1.xml'
10:42:41.269 [TestNG-test-Smoke and Regression Test-3] DEBUG - Save core properties part
10:42:41.269 [TestNG-test-Smoke and Regression Test-3] DEBUG - Save content types part
10:42:41.270 [TestNG-test-Smoke and Regression Test-3] DEBUG - Save package relationships
10:42:41.270 [TestNG-test-Smoke and Regression Test-3] DEBUG - Save part 'docProps/app.xml'
10:42:41.271 [TestNG-test-Smoke and Regression Test-3] DEBUG - Save part 'docProps/core.xml'
10:42:41.271 [TestNG-test-Smoke and Regression Test-3] DEBUG - Save part 'xl/sharedStrings.xml'
10:42:41.271 [TestNG-test-Smoke and Regression Test-3] DEBUG - Save part 'xl/styles.xml'
10:42:41.271 [TestNG-test-Smoke and Regression Test-3] DEBUG - Save part 'xl/workbook.xml'
10:42:41.272 [TestNG-test-Smoke and Regression Test-3] DEBUG - Save part 'xl/worksheets/sheet1.xml'
10:42:41.273 [TestNG-test-Smoke and Regression Test-3] DEBUG - Save content types part
10:42:41.273 [TestNG-test-Smoke and Regression Test-3] DEBUG - Save package relationships
10:42:41.273 [TestNG-test-Smoke and Regression Test-3] DEBUG - Save part 'docProps/app.xml'
10:42:41.274 [TestNG-test-Smoke and Regression Test-3] DEBUG - Save part 'docProps/core.xml'
10:42:41.274 [TestNG-test-Smoke and Regression Test-3] DEBUG - Save part 'xl/sharedStrings.xml'
10:42:41.274 [TestNG-test-Smoke and Regression Test-3] DEBUG - Save part 'xl/styles.xml'
10:42:41.274 [TestNG-test-Smoke and Regression Test-3] DEBUG - Save part 'xl/workbook.xml'
10:42:41.275 [TestNG-test-Smoke and Regression Test-3] DEBUG - Save part 'xl/worksheets/sheet1.xml'
16:06:25.695 [main] TRACE - Loading type system org.apache.poi.schemas.ooxml.system.ooxml
16:06:25.699 [main] TRACE - Loading type system org.apache.xmlbeans.metadata.system.sXMLCONFIG
16:06:25.699 [main] TRACE - Loading type system org.apache.xmlbeans.metadata.system.sXMLLANG
16:06:25.699 [main] TRACE - Loading type system org.apache.xmlbeans.metadata.system.sXMLSCHEMA
16:06:25.700 [main] TRACE - Loading type system org.apache.xmlbeans.metadata.system.sXMLTOOLS
16:06:25.700 [main] TRACE - Reading unresolved handles for type system org.apache.xmlbeans.metadata.system.sXMLTOOLS
16:06:25.712 [main] TRACE - Finished loading type system org.apache.xmlbeans.metadata.system.sXMLTOOLS
16:06:25.713 [main] TRACE - Reading unresolved handles for type system org.apache.xmlbeans.metadata.system.sXMLSCHEMA
16:06:25.716 [main] TRACE - Finished loading type system org.apache.xmlbeans.metadata.system.sXMLSCHEMA
16:06:25.718 [main] TRACE - Reading unresolved handles for type system org.apache.xmlbeans.metadata.system.sXMLLANG
16:06:25.719 [main] TRACE - Finished loading type system org.apache.xmlbeans.metadata.system.sXMLLANG
16:06:25.719 [main] TRACE - Reading unresolved handles for type system org.apache.xmlbeans.metadata.system.sXMLCONFIG
16:06:25.720 [main] TRACE - Finished loading type system org.apache.xmlbeans.metadata.system.sXMLCONFIG
16:06:25.720 [main] TRACE - Reading unresolved handles for type system org.apache.poi.schemas.ooxml.system.ooxml
16:06:25.792 [main] TRACE - Finished loading type system org.apache.poi.schemas.ooxml.system.ooxml
16:06:25.795 [main] TRACE - Resolving type for handle ctworkbook83c3type
16:06:25.868 [main] TRACE - Resolving type for handle ctworkbookpr03a5type
16:06:25.880 [main] TRACE - Resolving type for handle ctbookviewsb864type
16:06:25.884 [main] TRACE - Resolving type for handle ctbookviewf677type
16:06:25.894 [main] TRACE - Resolving type for handle ctsheets49fdtype
16:06:25.897 [main] TRACE - Resolving type for handle propertiesee84doctype
16:06:25.899 [main] TRACE - Resolving type for handle ctproperties3f10type
16:06:25.902 [main] TRACE - Resolving type for handle properties288cdoctype
