19:43:23.667 [main] TRACE - Resolving type for handle ctrsta472type
19:43:23.688 [main] TRACE - Resolving type for handle stcelltypebf95type
19:43:23.739 [main] TRACE - Resolving type for handle ctnumfmtsb58btype
19:43:23.743 [main] TRACE - Resolving type for handle ctfonts6623type
19:43:23.751 [main] TRACE - Resolving type for handle ctfills2c6ftype
19:43:23.756 [main] TRACE - Resolving type for handle ctborders0d66type
19:43:23.762 [main] TRACE - Resolving type for handle ctcellxfs1322type
19:43:23.767 [main] TRACE - Resolving type for handle ctcellstylexfsa81ftype
19:43:23.800 [main] DEBUG - Save core properties part
19:43:23.801 [main] DEBUG - Save content types part
19:43:23.906 [main] DEBUG - Save package relationships
19:43:23.912 [main] DEBUG - Save part 'docProps/app.xml'
19:43:23.915 [main] DEBUG - Save part 'docProps/core.xml'
19:43:23.921 [main] DEBUG - Save part 'xl/sharedStrings.xml'
19:43:23.921 [main] DEBUG - Save part 'xl/styles.xml'
19:43:23.922 [main] DEBUG - Save part 'xl/workbook.xml'
19:43:23.924 [main] DEBUG - Save part 'xl/worksheets/sheet1.xml'
19:43:23.927 [main] DEBUG - Save content types part
19:43:23.929 [main] DEBUG - Save package relationships
19:43:23.930 [main] DEBUG - Save part 'docProps/app.xml'
19:43:23.931 [main] DEBUG - Save part 'docProps/core.xml'
19:43:23.933 [main] DEBUG - Save part 'xl/sharedStrings.xml'
19:43:23.933 [main] DEBUG - Save part 'xl/styles.xml'
19:43:23.933 [main] DEBUG - Save part 'xl/workbook.xml'
19:43:23.934 [main] DEBUG - Save part 'xl/worksheets/sheet1.xml'
19:45:53.597 [main] INFO  - Browser initialized: chrome
19:45:59.127 [main] INFO  - Navigated to URL: https://www.pepperfry.com
19:46:04.860 [main] TRACE - Loading type system org.apache.poi.schemas.ooxml.system.ooxml
19:46:04.862 [main] TRACE - Loading type system org.apache.xmlbeans.metadata.system.sXMLCONFIG
19:46:04.863 [main] TRACE - Loading type system org.apache.xmlbeans.metadata.system.sXMLLANG
19:46:04.863 [main] TRACE - Loading type system org.apache.xmlbeans.metadata.system.sXMLSCHEMA
19:46:04.863 [main] TRACE - Loading type system org.apache.xmlbeans.metadata.system.sXMLTOOLS
19:46:04.864 [main] TRACE - Reading unresolved handles for type system org.apache.xmlbeans.metadata.system.sXMLTOOLS
19:46:04.871 [main] TRACE - Finished loading type system org.apache.xmlbeans.metadata.system.sXMLTOOLS
19:46:04.872 [main] TRACE - Reading unresolved handles for type system org.apache.xmlbeans.metadata.system.sXMLSCHEMA
19:46:04.875 [main] TRACE - Finished loading type system org.apache.xmlbeans.metadata.system.sXMLSCHEMA
19:46:04.875 [main] TRACE - Reading unresolved handles for type system org.apache.xmlbeans.metadata.system.sXMLLANG
19:46:04.876 [main] TRACE - Finished loading type system org.apache.xmlbeans.metadata.system.sXMLLANG
19:46:04.876 [main] TRACE - Reading unresolved handles for type system org.apache.xmlbeans.metadata.system.sXMLCONFIG
19:46:04.877 [main] TRACE - Finished loading type system org.apache.xmlbeans.metadata.system.sXMLCONFIG
19:46:04.878 [main] TRACE - Reading unresolved handles for type system org.apache.poi.schemas.ooxml.system.ooxml
19:46:04.908 [main] TRACE - Finished loading type system org.apache.poi.schemas.ooxml.system.ooxml
19:46:04.909 [main] TRACE - Resolving type for handle ctworkbook83c3type
19:46:04.950 [main] TRACE - Resolving type for handle ctworkbookpr03a5type
19:46:04.956 [main] TRACE - Resolving type for handle ctbookviewsb864type
19:46:04.957 [main] TRACE - Resolving type for handle ctbookviewf677type
19:46:04.960 [main] TRACE - Resolving type for handle ctsheets49fdtype
19:46:04.962 [main] TRACE - Resolving type for handle propertiesee84doctype
19:46:04.963 [main] TRACE - Resolving type for handle ctproperties3f10type
19:46:04.967 [main] TRACE - Resolving type for handle properties288cdoctype
19:46:04.968 [main] TRACE - Resolving type for handle ctproperties2c18type
19:46:04.974 [main] TRACE - Resolving type for handle sstf81fdoctype
19:46:04.975 [main] TRACE - Resolving type for handle ctsst44f3type
19:46:04.979 [main] TRACE - Resolving type for handle stylesheet5d8bdoctype
19:46:04.981 [main] TRACE - Resolving type for handle ctstylesheet4257type
19:46:04.984 [main] TRACE - Resolving type for handle ctfont14d8type
19:46:04.989 [main] TRACE - Resolving type for handle ctfontsizeb3b9type
19:46:04.991 [main] TRACE - Resolving type for handle ctcolord2c2type
19:46:04.992 [main] TRACE - Resolving type for handle ctfontname2dc3type
19:46:04.993 [main] TRACE - Resolving type for handle stxstringf179type
19:46:04.995 [main] TRACE - Resolving type for handle ctfontfamily685ctype
19:46:04.997 [main] TRACE - Resolving type for handle stfontfamily9c6ctype
19:46:04.998 [main] TRACE - Resolving type for handle ctfontschemebf5dtype
19:46:05.002 [main] TRACE - Resolving type for handle stfontschemef36dtype
19:46:05.006 [main] TRACE - Resolving type for handle ctfill550ctype
19:46:05.008 [main] TRACE - Resolving type for handle ctpatternfill7452type
19:46:05.011 [main] TRACE - Resolving type for handle stpatterntype7939type
19:46:05.013 [main] TRACE - Resolving type for handle ctborderf935type
19:46:05.016 [main] TRACE - Resolving type for handle ctborderpre497type
19:46:05.023 [main] TRACE - Resolving type for handle ctxf97f7type
19:46:05.029 [main] TRACE - Resolving type for handle stnumfmtid76fbtype
19:46:05.031 [main] TRACE - Resolving type for handle stfontid9d63type
19:46:05.032 [main] TRACE - Resolving type for handle stfillida097type
19:46:05.034 [main] TRACE - Resolving type for handle stborderid1a80type
19:46:05.038 [main] TRACE - Resolving type for handle stcellstylexfid70c7type
19:46:05.045 [main] TRACE - Resolving type for handle ctsheet4dbetype
19:46:05.052 [main] TRACE - Resolving type for handle ctworksheet530dtype
19:46:05.057 [main] TRACE - Resolving type for handle ctsheetformatprdef7type
19:46:05.064 [main] TRACE - Resolving type for handle ctsheetviewsb918type
19:46:05.067 [main] TRACE - Resolving type for handle ctsheetview0f43type
19:46:05.074 [main] TRACE - Resolving type for handle ctsheetdimensiond310type
19:46:05.076 [main] TRACE - Resolving type for handle stref90a2type
19:46:05.079 [main] TRACE - Resolving type for handle ctsheetdata8408type
19:46:05.081 [main] TRACE - Resolving type for handle ctpagemargins5455type
19:46:05.089 [main] TRACE - Resolving type for handle ctcols627ctype
19:46:05.093 [main] TRACE - Resolving type for handle strelationshipid1e94type
19:46:05.097 [main] TRACE - Resolving type for handle ctrowdd39type
19:46:05.105 [main] TRACE - Resolving type for handle ctcell842btype
19:46:05.114 [main] TRACE - Resolving type for handle stcellrefe4e0type
19:46:05.118 [main] TRACE - Resolving type for handle ctrsta472type
19:46:05.122 [main] TRACE - Resolving type for handle stcelltypebf95type
19:46:05.158 [main] TRACE - Resolving type for handle ctnumfmtsb58btype
19:46:05.160 [main] TRACE - Resolving type for handle ctfonts6623type
19:46:05.164 [main] TRACE - Resolving type for handle ctfills2c6ftype
19:46:05.167 [main] TRACE - Resolving type for handle ctborders0d66type
19:46:05.169 [main] TRACE - Resolving type for handle ctcellxfs1322type
19:46:05.173 [main] TRACE - Resolving type for handle ctcellstylexfsa81ftype
19:46:05.200 [main] DEBUG - Save core properties part
19:46:05.200 [main] DEBUG - Save content types part
19:46:05.301 [main] DEBUG - Save package relationships
19:46:05.306 [main] DEBUG - Save part 'docProps/app.xml'
19:46:05.309 [main] DEBUG - Save part 'docProps/core.xml'
19:46:05.318 [main] DEBUG - Save part 'xl/sharedStrings.xml'
19:46:05.319 [main] DEBUG - Save part 'xl/styles.xml'
19:46:05.319 [main] DEBUG - Save part 'xl/workbook.xml'
19:46:05.323 [main] DEBUG - Save part 'xl/worksheets/sheet1.xml'
19:46:05.326 [main] DEBUG - Save content types part
19:46:05.327 [main] DEBUG - Save package relationships
19:46:05.330 [main] DEBUG - Save part 'docProps/app.xml'
19:46:05.330 [main] DEBUG - Save part 'docProps/core.xml'
19:46:05.331 [main] DEBUG - Save part 'xl/sharedStrings.xml'
19:46:05.331 [main] DEBUG - Save part 'xl/styles.xml'
19:46:05.332 [main] DEBUG - Save part 'xl/workbook.xml'
19:46:05.333 [main] DEBUG - Save part 'xl/worksheets/sheet1.xml'
19:46:23.725 [main] INFO  - Browser initialized: chrome
19:46:27.649 [main] INFO  - Navigated to URL: https://www.pepperfry.com
19:46:29.564 [main] DEBUG - Parsing relationship: /xl/_rels/workbook.xml.rels
19:46:29.584 [main] DEBUG - Parsing relationship: /_rels/.rels
19:46:29.723 [main] TRACE - Loading type system org.apache.poi.schemas.ooxml.system.ooxml
19:46:29.726 [main] TRACE - Loading type system org.apache.xmlbeans.metadata.system.sXMLCONFIG
19:46:29.726 [main] TRACE - Loading type system org.apache.xmlbeans.metadata.system.sXMLLANG
19:46:29.727 [main] TRACE - Loading type system org.apache.xmlbeans.metadata.system.sXMLSCHEMA
19:46:29.727 [main] TRACE - Loading type system org.apache.xmlbeans.metadata.system.sXMLTOOLS
19:46:29.728 [main] TRACE - Reading unresolved handles for type system org.apache.xmlbeans.metadata.system.sXMLTOOLS
19:46:29.739 [main] TRACE - Finished loading type system org.apache.xmlbeans.metadata.system.sXMLTOOLS
19:46:29.739 [main] TRACE - Reading unresolved handles for type system org.apache.xmlbeans.metadata.system.sXMLSCHEMA
19:46:29.743 [main] TRACE - Finished loading type system org.apache.xmlbeans.metadata.system.sXMLSCHEMA
19:46:29.744 [main] TRACE - Reading unresolved handles for type system org.apache.xmlbeans.metadata.system.sXMLLANG
19:46:29.744 [main] TRACE - Finished loading type system org.apache.xmlbeans.metadata.system.sXMLLANG
19:46:29.745 [main] TRACE - Reading unresolved handles for type system org.apache.xmlbeans.metadata.system.sXMLCONFIG
19:46:29.746 [main] TRACE - Finished loading type system org.apache.xmlbeans.metadata.system.sXMLCONFIG
19:46:29.746 [main] TRACE - Reading unresolved handles for type system org.apache.poi.schemas.ooxml.system.ooxml
19:46:29.782 [main] TRACE - Finished loading type system org.apache.poi.schemas.ooxml.system.ooxml
19:46:29.783 [main] TRACE - Resolving type for handle themefd26doctype
19:46:29.829 [main] TRACE - Resolving type for handle stylesheet5d8bdoctype
19:46:29.832 [main] TRACE - Resolving type for handle ctstylesheet4257type
19:46:29.837 [main] TRACE - Resolving type for handle ctfonts6623type
19:46:29.840 [main] TRACE - Resolving type for handle ctfont14d8type
19:46:29.844 [main] TRACE - Resolving type for handle ctfills2c6ftype
19:46:29.846 [main] TRACE - Resolving type for handle ctfill550ctype
19:46:29.848 [main] TRACE - Resolving type for handle ctborders0d66type
19:46:29.851 [main] TRACE - Resolving type for handle ctborderf935type
19:46:29.855 [main] TRACE - Resolving type for handle ctcellxfs1322type
19:46:29.858 [main] TRACE - Resolving type for handle ctxf97f7type
19:46:29.860 [main] TRACE - Resolving type for handle ctcellstylexfsa81ftype
19:46:29.862 [main] TRACE - Resolving type for handle ctdxfsb26atype
19:46:29.864 [main] TRACE - Resolving type for handle cttablestyles872ftype
19:46:29.868 [main] TRACE - Resolving type for handle sstf81fdoctype
19:46:29.874 [main] TRACE - Resolving type for handle ctsst44f3type
19:46:29.884 [main] TRACE - Resolving type for handle ctrsta472type
19:46:29.907 [main] TRACE - Resolving type for handle workbookec17doctype
19:46:29.911 [main] TRACE - Resolving type for handle ctworkbook83c3type
19:46:29.917 [main] TRACE - Resolving type for handle ctsheets49fdtype
19:46:29.921 [main] TRACE - Resolving type for handle ctsheet4dbetype
19:46:29.922 [main] TRACE - Resolving type for handle strelationshipid1e94type
19:46:29.926 [main] TRACE - Resolving type for handle worksheetf539doctype
19:46:29.931 [main] TRACE - Resolving type for handle ctworksheet530dtype
19:46:29.937 [main] TRACE - Resolving type for handle ctsheetdata8408type
19:46:29.939 [main] TRACE - Resolving type for handle ctrowdd39type
19:46:29.948 [main] TRACE - Resolving type for handle ctcell842btype
19:46:29.956 [main] TRACE - Resolving type for handle stcellrefe4e0type
19:46:29.965 [main] TRACE - Resolving type for handle ctcols627ctype
19:46:29.972 [main] TRACE - Resolving type for handle ctcola95ftype
19:46:29.994 [main] TRACE - Resolving type for handle stxstringf179type
19:46:30.009 [main] TRACE - Resolving type for handle stcelltypebf95type
19:46:30.020 [main] TRACE - Resolving type for handle stcellstylexfid70c7type
19:46:30.023 [main] TRACE - Resolving type for handle stnumfmtid76fbtype
19:46:31.247 [main] TRACE - Resolving type for handle ctworkbookpr03a5type
19:46:31.252 [main] TRACE - Resolving type for handle ctbookviewsb864type
19:46:31.255 [main] TRACE - Resolving type for handle ctbookviewf677type
19:46:31.261 [main] TRACE - Resolving type for handle propertiesee84doctype
19:46:31.262 [main] TRACE - Resolving type for handle ctproperties3f10type
19:46:31.266 [main] TRACE - Resolving type for handle properties288cdoctype
19:46:31.269 [main] TRACE - Resolving type for handle ctproperties2c18type
19:46:31.277 [main] TRACE - Resolving type for handle ctfontsizeb3b9type
19:46:31.280 [main] TRACE - Resolving type for handle ctcolord2c2type
19:46:31.282 [main] TRACE - Resolving type for handle ctfontname2dc3type
19:46:31.286 [main] TRACE - Resolving type for handle ctfontfamily685ctype
19:46:31.289 [main] TRACE - Resolving type for handle stfontfamily9c6ctype
19:46:31.291 [main] TRACE - Resolving type for handle ctfontschemebf5dtype
19:46:31.292 [main] TRACE - Resolving type for handle stfontschemef36dtype
19:46:31.293 [main] TRACE - Resolving type for handle ctpatternfill7452type
19:46:31.296 [main] TRACE - Resolving type for handle stpatterntype7939type
19:46:31.297 [main] TRACE - Resolving type for handle ctborderpre497type
19:46:31.300 [main] TRACE - Resolving type for handle stfontid9d63type
19:46:31.303 [main] TRACE - Resolving type for handle stfillida097type
19:46:31.304 [main] TRACE - Resolving type for handle stborderid1a80type
19:46:31.306 [main] TRACE - Resolving type for handle ctsheetformatprdef7type
19:46:31.309 [main] TRACE - Resolving type for handle ctsheetviewsb918type
19:46:31.310 [main] TRACE - Resolving type for handle ctsheetview0f43type
19:46:31.314 [main] TRACE - Resolving type for handle ctsheetdimensiond310type
19:46:31.315 [main] TRACE - Resolving type for handle stref90a2type
19:46:31.317 [main] TRACE - Resolving type for handle ctpagemargins5455type
19:46:31.328 [main] TRACE - Resolving type for handle ctnumfmtsb58btype
19:46:31.341 [main] DEBUG - Save core properties part
19:46:31.341 [main] DEBUG - Save content types part
19:46:31.404 [main] DEBUG - Save package relationships
19:46:31.410 [main] DEBUG - Save part 'docProps/app.xml'
19:46:31.410 [main] DEBUG - Save part 'docProps/core.xml'
19:46:31.414 [main] DEBUG - Save part 'xl/sharedStrings.xml'
19:46:31.415 [main] DEBUG - Save part 'xl/styles.xml'
19:46:31.415 [main] DEBUG - Save part 'xl/workbook.xml'
19:46:31.418 [main] DEBUG - Save part 'xl/worksheets/sheet1.xml'
19:46:31.421 [main] DEBUG - Save content types part
19:46:31.423 [main] DEBUG - Save package relationships
19:46:31.425 [main] DEBUG - Save part 'docProps/app.xml'
19:46:31.425 [main] DEBUG - Save part 'docProps/core.xml'
19:46:31.427 [main] DEBUG - Save part 'xl/sharedStrings.xml'
19:46:31.427 [main] DEBUG - Save part 'xl/styles.xml'
19:46:31.428 [main] DEBUG - Save part 'xl/workbook.xml'
19:46:31.429 [main] DEBUG - Save part 'xl/worksheets/sheet1.xml'
19:46:46.467 [main] INFO  - Browser initialized: chrome
19:46:50.005 [main] INFO  - Navigated to URL: https://www.pepperfry.com
19:46:52.239 [main] TRACE - Loading type system org.apache.poi.schemas.ooxml.system.ooxml
19:46:52.242 [main] TRACE - Loading type system org.apache.xmlbeans.metadata.system.sXMLCONFIG
19:46:52.242 [main] TRACE - Loading type system org.apache.xmlbeans.metadata.system.sXMLLANG
19:46:52.242 [main] TRACE - Loading type system org.apache.xmlbeans.metadata.system.sXMLSCHEMA
19:46:52.243 [main] TRACE - Loading type system org.apache.xmlbeans.metadata.system.sXMLTOOLS
19:46:52.243 [main] TRACE - Reading unresolved handles for type system org.apache.xmlbeans.metadata.system.sXMLTOOLS
19:46:52.251 [main] TRACE - Finished loading type system org.apache.xmlbeans.metadata.system.sXMLTOOLS
19:46:52.251 [main] TRACE - Reading unresolved handles for type system org.apache.xmlbeans.metadata.system.sXMLSCHEMA
19:46:52.255 [main] TRACE - Finished loading type system org.apache.xmlbeans.metadata.system.sXMLSCHEMA
19:46:52.257 [main] TRACE - Reading unresolved handles for type system org.apache.xmlbeans.metadata.system.sXMLLANG
19:46:52.257 [main] TRACE - Finished loading type system org.apache.xmlbeans.metadata.system.sXMLLANG
19:46:52.258 [main] TRACE - Reading unresolved handles for type system org.apache.xmlbeans.metadata.system.sXMLCONFIG
19:46:52.259 [main] TRACE - Finished loading type system org.apache.xmlbeans.metadata.system.sXMLCONFIG
19:46:52.261 [main] TRACE - Reading unresolved handles for type system org.apache.poi.schemas.ooxml.system.ooxml
19:46:52.303 [main] TRACE - Finished loading type system org.apache.poi.schemas.ooxml.system.ooxml
19:46:52.304 [main] TRACE - Resolving type for handle ctworkbook83c3type
19:46:52.356 [main] TRACE - Resolving type for handle ctworkbookpr03a5type
19:46:52.362 [main] TRACE - Resolving type for handle ctbookviewsb864type
19:46:52.363 [main] TRACE - Resolving type for handle ctbookviewf677type
19:46:52.367 [main] TRACE - Resolving type for handle ctsheets49fdtype
19:46:52.370 [main] TRACE - Resolving type for handle propertiesee84doctype
19:46:52.371 [main] TRACE - Resolving type for handle ctproperties3f10type
19:46:52.374 [main] TRACE - Resolving type for handle properties288cdoctype
19:46:52.375 [main] TRACE - Resolving type for handle ctproperties2c18type
19:46:52.378 [main] TRACE - Resolving type for handle sstf81fdoctype
19:46:52.379 [main] TRACE - Resolving type for handle ctsst44f3type
19:46:52.383 [main] TRACE - Resolving type for handle stylesheet5d8bdoctype
19:46:52.384 [main] TRACE - Resolving type for handle ctstylesheet4257type
19:46:52.387 [main] TRACE - Resolving type for handle ctfont14d8type
19:46:52.390 [main] TRACE - Resolving type for handle ctfontsizeb3b9type
19:46:52.393 [main] TRACE - Resolving type for handle ctcolord2c2type
19:46:52.395 [main] TRACE - Resolving type for handle ctfontname2dc3type
19:46:52.396 [main] TRACE - Resolving type for handle stxstringf179type
19:46:52.398 [main] TRACE - Resolving type for handle ctfontfamily685ctype
19:46:52.400 [main] TRACE - Resolving type for handle stfontfamily9c6ctype
19:46:52.402 [main] TRACE - Resolving type for handle ctfontschemebf5dtype
19:46:52.404 [main] TRACE - Resolving type for handle stfontschemef36dtype
19:46:52.406 [main] TRACE - Resolving type for handle ctfill550ctype
19:46:52.408 [main] TRACE - Resolving type for handle ctpatternfill7452type
19:46:52.411 [main] TRACE - Resolving type for handle stpatterntype7939type
19:46:52.413 [main] TRACE - Resolving type for handle ctborderf935type
19:46:52.419 [main] TRACE - Resolving type for handle ctborderpre497type
19:46:52.427 [main] TRACE - Resolving type for handle ctxf97f7type
19:46:52.430 [main] TRACE - Resolving type for handle stnumfmtid76fbtype
19:46:52.433 [main] TRACE - Resolving type for handle stfontid9d63type
19:46:52.435 [main] TRACE - Resolving type for handle stfillida097type
19:46:52.437 [main] TRACE - Resolving type for handle stborderid1a80type
19:46:52.438 [main] TRACE - Resolving type for handle stcellstylexfid70c7type
19:46:52.445 [main] TRACE - Resolving type for handle ctsheet4dbetype
19:46:52.451 [main] TRACE - Resolving type for handle ctworksheet530dtype
19:46:52.457 [main] TRACE - Resolving type for handle ctsheetformatprdef7type
19:46:52.461 [main] TRACE - Resolving type for handle ctsheetviewsb918type
19:46:52.463 [main] TRACE - Resolving type for handle ctsheetview0f43type
19:46:52.470 [main] TRACE - Resolving type for handle ctsheetdimensiond310type
19:46:52.471 [main] TRACE - Resolving type for handle stref90a2type
19:46:52.472 [main] TRACE - Resolving type for handle ctsheetdata8408type
19:46:52.476 [main] TRACE - Resolving type for handle ctpagemargins5455type
19:46:52.482 [main] TRACE - Resolving type for handle ctcols627ctype
19:46:52.486 [main] TRACE - Resolving type for handle strelationshipid1e94type
19:46:52.488 [main] TRACE - Resolving type for handle ctrowdd39type
19:46:52.497 [main] TRACE - Resolving type for handle ctcell842btype
19:46:52.505 [main] TRACE - Resolving type for handle stcellrefe4e0type
19:46:52.509 [main] TRACE - Resolving type for handle ctrsta472type
19:46:52.514 [main] TRACE - Resolving type for handle stcelltypebf95type
19:46:52.550 [main] TRACE - Resolving type for handle ctnumfmtsb58btype
19:46:52.554 [main] TRACE - Resolving type for handle ctfonts6623type
19:46:52.561 [main] TRACE - Resolving type for handle ctfills2c6ftype
19:46:52.566 [main] TRACE - Resolving type for handle ctborders0d66type
19:46:52.570 [main] TRACE - Resolving type for handle ctcellxfs1322type
19:46:52.573 [main] TRACE - Resolving type for handle ctcellstylexfsa81ftype
19:46:52.604 [main] DEBUG - Save core properties part
19:46:52.604 [main] DEBUG - Save content types part
19:46:52.707 [main] DEBUG - Save package relationships
19:46:52.714 [main] DEBUG - Save part 'docProps/app.xml'
19:46:52.716 [main] DEBUG - Save part 'docProps/core.xml'
19:46:52.724 [main] DEBUG - Save part 'xl/sharedStrings.xml'
19:46:52.724 [main] DEBUG - Save part 'xl/styles.xml'
19:46:52.724 [main] DEBUG - Save part 'xl/workbook.xml'
19:46:52.725 [main] DEBUG - Save part 'xl/worksheets/sheet1.xml'
19:46:52.728 [main] DEBUG - Save content types part
19:46:52.729 [main] DEBUG - Save package relationships
19:46:52.730 [main] DEBUG - Save part 'docProps/app.xml'
19:46:52.730 [main] DEBUG - Save part 'docProps/core.xml'
19:46:52.731 [main] DEBUG - Save part 'xl/sharedStrings.xml'
19:46:52.732 [main] DEBUG - Save part 'xl/styles.xml'
19:46:52.732 [main] DEBUG - Save part 'xl/workbook.xml'
19:46:52.733 [main] DEBUG - Save part 'xl/worksheets/sheet1.xml'
19:47:07.315 [main] INFO  - Browser initialized: chrome
19:47:11.938 [main] INFO  - Navigated to URL: https://www.pepperfry.com
19:47:20.491 [main] TRACE - Loading type system org.apache.poi.schemas.ooxml.system.ooxml
19:47:20.493 [main] TRACE - Loading type system org.apache.xmlbeans.metadata.system.sXMLCONFIG
19:47:20.494 [main] TRACE - Loading type system org.apache.xmlbeans.metadata.system.sXMLLANG
19:47:20.494 [main] TRACE - Loading type system org.apache.xmlbeans.metadata.system.sXMLSCHEMA
19:47:20.495 [main] TRACE - Loading type system org.apache.xmlbeans.metadata.system.sXMLTOOLS
19:47:20.496 [main] TRACE - Reading unresolved handles for type system org.apache.xmlbeans.metadata.system.sXMLTOOLS
19:47:20.510 [main] TRACE - Finished loading type system org.apache.xmlbeans.metadata.system.sXMLTOOLS
19:47:20.511 [main] TRACE - Reading unresolved handles for type system org.apache.xmlbeans.metadata.system.sXMLSCHEMA
19:47:20.514 [main] TRACE - Finished loading type system org.apache.xmlbeans.metadata.system.sXMLSCHEMA
19:47:20.516 [main] TRACE - Reading unresolved handles for type system org.apache.xmlbeans.metadata.system.sXMLLANG
19:47:20.516 [main] TRACE - Finished loading type system org.apache.xmlbeans.metadata.system.sXMLLANG
19:47:20.517 [main] TRACE - Reading unresolved handles for type system org.apache.xmlbeans.metadata.system.sXMLCONFIG
19:47:20.518 [main] TRACE - Finished loading type system org.apache.xmlbeans.metadata.system.sXMLCONFIG
19:47:20.519 [main] TRACE - Reading unresolved handles for type system org.apache.poi.schemas.ooxml.system.ooxml
19:47:20.560 [main] TRACE - Finished loading type system org.apache.poi.schemas.ooxml.system.ooxml
19:47:20.560 [main] TRACE - Resolving type for handle ctworkbook83c3type
19:47:20.602 [main] TRACE - Resolving type for handle ctworkbookpr03a5type
19:47:20.608 [main] TRACE - Resolving type for handle ctbookviewsb864type
19:47:20.611 [main] TRACE - Resolving type for handle ctbookviewf677type
19:47:20.617 [main] TRACE - Resolving type for handle ctsheets49fdtype
19:47:20.621 [main] TRACE - Resolving type for handle propertiesee84doctype
19:47:20.623 [main] TRACE - Resolving type for handle ctproperties3f10type
19:47:20.628 [main] TRACE - Resolving type for handle properties288cdoctype
19:47:20.629 [main] TRACE - Resolving type for handle ctproperties2c18type
19:47:20.635 [main] TRACE - Resolving type for handle sstf81fdoctype
19:47:20.637 [main] TRACE - Resolving type for handle ctsst44f3type
19:47:20.640 [main] TRACE - Resolving type for handle stylesheet5d8bdoctype
19:47:20.641 [main] TRACE - Resolving type for handle ctstylesheet4257type
19:47:20.643 [main] TRACE - Resolving type for handle ctfont14d8type
19:47:20.650 [main] TRACE - Resolving type for handle ctfontsizeb3b9type
19:47:20.655 [main] TRACE - Resolving type for handle ctcolord2c2type
19:47:20.657 [main] TRACE - Resolving type for handle ctfontname2dc3type
19:47:20.658 [main] TRACE - Resolving type for handle stxstringf179type
19:47:20.661 [main] TRACE - Resolving type for handle ctfontfamily685ctype
19:47:20.662 [main] TRACE - Resolving type for handle stfontfamily9c6ctype
19:47:20.665 [main] TRACE - Resolving type for handle ctfontschemebf5dtype
19:47:20.667 [main] TRACE - Resolving type for handle stfontschemef36dtype
19:47:20.672 [main] TRACE - Resolving type for handle ctfill550ctype
19:47:20.673 [main] TRACE - Resolving type for handle ctpatternfill7452type
19:47:20.676 [main] TRACE - Resolving type for handle stpatterntype7939type
19:47:20.678 [main] TRACE - Resolving type for handle ctborderf935type
19:47:20.681 [main] TRACE - Resolving type for handle ctborderpre497type
19:47:20.687 [main] TRACE - Resolving type for handle ctxf97f7type
19:47:20.689 [main] TRACE - Resolving type for handle stnumfmtid76fbtype
19:47:20.691 [main] TRACE - Resolving type for handle stfontid9d63type
19:47:20.692 [main] TRACE - Resolving type for handle stfillida097type
19:47:20.695 [main] TRACE - Resolving type for handle stborderid1a80type
19:47:20.697 [main] TRACE - Resolving type for handle stcellstylexfid70c7type
19:47:20.705 [main] TRACE - Resolving type for handle ctsheet4dbetype
19:47:20.715 [main] TRACE - Resolving type for handle ctworksheet530dtype
19:47:20.727 [main] TRACE - Resolving type for handle ctsheetformatprdef7type
19:47:20.733 [main] TRACE - Resolving type for handle ctsheetviewsb918type
19:47:20.737 [main] TRACE - Resolving type for handle ctsheetview0f43type
19:47:20.744 [main] TRACE - Resolving type for handle ctsheetdimensiond310type
19:47:20.747 [main] TRACE - Resolving type for handle stref90a2type
19:47:20.750 [main] TRACE - Resolving type for handle ctsheetdata8408type
19:47:20.753 [main] TRACE - Resolving type for handle ctpagemargins5455type
19:47:20.763 [main] TRACE - Resolving type for handle ctcols627ctype
19:47:20.768 [main] TRACE - Resolving type for handle strelationshipid1e94type
19:47:20.772 [main] TRACE - Resolving type for handle ctrowdd39type
19:47:20.780 [main] TRACE - Resolving type for handle ctcell842btype
19:47:20.797 [main] TRACE - Resolving type for handle stcellrefe4e0type
19:47:20.802 [main] TRACE - Resolving type for handle ctrsta472type
19:47:20.806 [main] TRACE - Resolving type for handle stcelltypebf95type
19:47:20.854 [main] TRACE - Resolving type for handle ctnumfmtsb58btype
19:47:20.858 [main] TRACE - Resolving type for handle ctfonts6623type
19:47:20.866 [main] TRACE - Resolving type for handle ctfills2c6ftype
19:47:20.871 [main] TRACE - Resolving type for handle ctborders0d66type
19:47:20.875 [main] TRACE - Resolving type for handle ctcellxfs1322type
19:47:20.881 [main] TRACE - Resolving type for handle ctcellstylexfsa81ftype
19:47:20.917 [main] DEBUG - Save core properties part
19:47:20.917 [main] DEBUG - Save content types part
19:47:21.060 [main] DEBUG - Save package relationships
19:47:21.071 [main] DEBUG - Save part 'docProps/app.xml'
19:47:21.075 [main] DEBUG - Save part 'docProps/core.xml'
19:47:21.089 [main] DEBUG - Save part 'xl/sharedStrings.xml'
19:47:21.090 [main] DEBUG - Save part 'xl/styles.xml'
19:47:21.090 [main] DEBUG - Save part 'xl/workbook.xml'
19:47:21.093 [main] DEBUG - Save part 'xl/worksheets/sheet1.xml'
19:47:21.099 [main] DEBUG - Save content types part
19:47:21.101 [main] DEBUG - Save package relationships
19:47:21.103 [main] DEBUG - Save part 'docProps/app.xml'
19:47:21.103 [main] DEBUG - Save part 'docProps/core.xml'
19:47:21.104 [main] DEBUG - Save part 'xl/sharedStrings.xml'
19:47:21.105 [main] DEBUG - Save part 'xl/styles.xml'
19:47:21.105 [main] DEBUG - Save part 'xl/workbook.xml'
19:47:21.107 [main] DEBUG - Save part 'xl/worksheets/sheet1.xml'
19:47:39.495 [TestNG-test=Smoke and Regression Test-1] INFO  - Browser initialized: chrome
19:47:40.259 [TestNG-test=Smoke and Regression Test-2] INFO  - Browser initialized: chrome
19:47:43.570 [TestNG-test=Smoke and Regression Test-4] INFO  - Browser initialized: chrome
19:47:49.962 [TestNG-test=Smoke and Regression Test-3] INFO  - Browser initialized: chrome
19:47:50.442 [TestNG-test=Smoke and Regression Test-2] INFO  - Navigated to URL: https://www.pepperfry.com
19:47:50.757 [TestNG-test=Smoke and Regression Test-1] INFO  - Navigated to URL: https://www.pepperfry.com
19:47:55.750 [TestNG-test=Smoke and Regression Test-3] INFO  - Navigated to URL: https://www.pepperfry.com
19:47:57.027 [TestNG-test=Smoke and Regression Test-1] TRACE - Loading type system org.apache.poi.schemas.ooxml.system.ooxml
19:47:57.035 [TestNG-test=Smoke and Regression Test-1] TRACE - Loading type system org.apache.xmlbeans.metadata.system.sXMLCONFIG
19:47:57.039 [TestNG-test=Smoke and Regression Test-1] TRACE - Loading type system org.apache.xmlbeans.metadata.system.sXMLLANG
19:47:57.040 [TestNG-test=Smoke and Regression Test-1] TRACE - Loading type system org.apache.xmlbeans.metadata.system.sXMLSCHEMA
19:47:57.042 [TestNG-test=Smoke and Regression Test-1] TRACE - Loading type system org.apache.xmlbeans.metadata.system.sXMLTOOLS
19:47:57.046 [TestNG-test=Smoke and Regression Test-1] TRACE - Reading unresolved handles for type system org.apache.xmlbeans.metadata.system.sXMLTOOLS
19:47:57.089 [TestNG-test=Smoke and Regression Test-1] TRACE - Finished loading type system org.apache.xmlbeans.metadata.system.sXMLTOOLS
19:47:57.092 [TestNG-test=Smoke and Regression Test-1] TRACE - Reading unresolved handles for type system org.apache.xmlbeans.metadata.system.sXMLSCHEMA
19:47:57.105 [TestNG-test=Smoke and Regression Test-1] TRACE - Finished loading type system org.apache.xmlbeans.metadata.system.sXMLSCHEMA
19:47:57.107 [TestNG-test=Smoke and Regression Test-1] TRACE - Reading unresolved handles for type system org.apache.xmlbeans.metadata.system.sXMLLANG
19:47:57.109 [TestNG-test=Smoke and Regression Test-1] TRACE - Finished loading type system org.apache.xmlbeans.metadata.system.sXMLLANG
19:47:57.111 [TestNG-test=Smoke and Regression Test-1] TRACE - Reading unresolved handles for type system org.apache.xmlbeans.metadata.system.sXMLCONFIG
19:47:57.122 [TestNG-test=Smoke and Regression Test-1] TRACE - Finished loading type system org.apache.xmlbeans.metadata.system.sXMLCONFIG
19:47:57.126 [TestNG-test=Smoke and Regression Test-1] TRACE - Reading unresolved handles for type system org.apache.poi.schemas.ooxml.system.ooxml
19:47:57.251 [TestNG-test=Smoke and Regression Test-1] TRACE - Finished loading type system org.apache.poi.schemas.ooxml.system.ooxml
19:47:57.253 [TestNG-test=Smoke and Regression Test-1] TRACE - Resolving type for handle ctworkbook83c3type
19:47:57.384 [TestNG-test=Smoke and Regression Test-1] TRACE - Resolving type for handle ctworkbookpr03a5type
19:47:57.403 [TestNG-test=Smoke and Regression Test-1] TRACE - Resolving type for handle ctbookviewsb864type
19:47:57.406 [TestNG-test=Smoke and Regression Test-1] TRACE - Resolving type for handle ctbookviewf677type
19:47:57.419 [TestNG-test=Smoke and Regression Test-1] TRACE - Resolving type for handle ctsheets49fdtype
19:47:57.425 [TestNG-test=Smoke and Regression Test-1] TRACE - Resolving type for handle propertiesee84doctype
19:47:57.429 [TestNG-test=Smoke and Regression Test-1] TRACE - Resolving type for handle ctproperties3f10type
19:47:57.445 [TestNG-test=Smoke and Regression Test-1] TRACE - Resolving type for handle properties288cdoctype
19:47:57.454 [TestNG-test=Smoke and Regression Test-1] TRACE - Resolving type for handle ctproperties2c18type
19:47:57.485 [TestNG-test=Smoke and Regression Test-1] TRACE - Resolving type for handle sstf81fdoctype
19:47:57.488 [TestNG-test=Smoke and Regression Test-1] TRACE - Resolving type for handle ctsst44f3type
19:47:57.505 [TestNG-test=Smoke and Regression Test-1] TRACE - Resolving type for handle stylesheet5d8bdoctype
19:47:57.508 [TestNG-test=Smoke and Regression Test-1] TRACE - Resolving type for handle ctstylesheet4257type
19:47:57.522 [TestNG-test=Smoke and Regression Test-1] TRACE - Resolving type for handle ctfont14d8type
19:47:57.537 [TestNG-test=Smoke and Regression Test-1] TRACE - Resolving type for handle ctfontsizeb3b9type
19:47:57.546 [TestNG-test=Smoke and Regression Test-1] TRACE - Resolving type for handle ctcolord2c2type
19:47:57.558 [TestNG-test=Smoke and Regression Test-1] TRACE - Resolving type for handle ctfontname2dc3type
19:47:57.561 [TestNG-test=Smoke and Regression Test-1] TRACE - Resolving type for handle stxstringf179type
19:47:57.569 [TestNG-test=Smoke and Regression Test-1] TRACE - Resolving type for handle ctfontfamily685ctype
19:47:57.573 [TestNG-test=Smoke and Regression Test-1] TRACE - Resolving type for handle stfontfamily9c6ctype
19:47:57.587 [TestNG-test=Smoke and Regression Test-1] TRACE - Resolving type for handle ctfontschemebf5dtype
19:47:57.595 [TestNG-test=Smoke and Regression Test-1] TRACE - Resolving type for handle stfontschemef36dtype
19:47:57.611 [TestNG-test=Smoke and Regression Test-1] TRACE - Resolving type for handle ctfill550ctype
19:47:57.621 [TestNG-test=Smoke and Regression Test-1] TRACE - Resolving type for handle ctpatternfill7452type
19:47:57.628 [TestNG-test=Smoke and Regression Test-1] TRACE - Resolving type for handle stpatterntype7939type
19:47:57.641 [TestNG-test=Smoke and Regression Test-1] TRACE - Resolving type for handle ctborderf935type
19:47:57.645 [TestNG-test=Smoke and Regression Test-1] TRACE - Resolving type for handle ctborderpre497type
19:47:57.661 [TestNG-test=Smoke and Regression Test-1] TRACE - Resolving type for handle ctxf97f7type
19:47:57.675 [TestNG-test=Smoke and Regression Test-1] TRACE - Resolving type for handle stnumfmtid76fbtype
19:47:57.677 [TestNG-test=Smoke and Regression Test-1] TRACE - Resolving type for handle stfontid9d63type
19:47:57.681 [TestNG-test=Smoke and Regression Test-1] TRACE - Resolving type for handle stfillida097type
19:47:57.686 [TestNG-test=Smoke and Regression Test-1] TRACE - Resolving type for handle stborderid1a80type
19:47:57.689 [TestNG-test=Smoke and Regression Test-1] TRACE - Resolving type for handle stcellstylexfid70c7type
19:47:57.703 [TestNG-test=Smoke and Regression Test-1] TRACE - Resolving type for handle ctsheet4dbetype
19:47:57.720 [TestNG-test=Smoke and Regression Test-1] TRACE - Resolving type for handle ctworksheet530dtype
19:47:57.737 [TestNG-test=Smoke and Regression Test-1] TRACE - Resolving type for handle ctsheetformatprdef7type
19:47:57.751 [TestNG-test=Smoke and Regression Test-1] TRACE - Resolving type for handle ctsheetviewsb918type
19:47:57.756 [TestNG-test=Smoke and Regression Test-1] TRACE - Resolving type for handle ctsheetview0f43type
19:47:57.771 [TestNG-test=Smoke and Regression Test-1] TRACE - Resolving type for handle ctsheetdimensiond310type
19:47:57.775 [TestNG-test=Smoke and Regression Test-1] TRACE - Resolving type for handle stref90a2type
19:47:57.778 [TestNG-test=Smoke and Regression Test-1] TRACE - Resolving type for handle ctsheetdata8408type
19:47:57.787 [TestNG-test=Smoke and Regression Test-1] TRACE - Resolving type for handle ctpagemargins5455type
19:47:57.803 [TestNG-test=Smoke and Regression Test-1] TRACE - Resolving type for handle ctcols627ctype
19:47:57.809 [TestNG-test=Smoke and Regression Test-1] TRACE - Resolving type for handle strelationshipid1e94type
19:47:57.819 [TestNG-test=Smoke and Regression Test-1] TRACE - Resolving type for handle ctrowdd39type
19:47:57.836 [TestNG-test=Smoke and Regression Test-1] TRACE - Resolving type for handle ctcell842btype
19:47:57.878 [TestNG-test=Smoke and Regression Test-1] TRACE - Resolving type for handle stcellrefe4e0type
19:47:57.886 [TestNG-test=Smoke and Regression Test-1] TRACE - Resolving type for handle ctrsta472type
19:47:57.928 [TestNG-test=Smoke and Regression Test-1] TRACE - Resolving type for handle stcelltypebf95type
19:47:58.042 [TestNG-test=Smoke and Regression Test-1] TRACE - Resolving type for handle ctnumfmtsb58btype
19:47:58.051 [TestNG-test=Smoke and Regression Test-1] TRACE - Resolving type for handle ctfonts6623type
19:47:58.060 [TestNG-test=Smoke and Regression Test-1] TRACE - Resolving type for handle ctfills2c6ftype
19:47:58.070 [TestNG-test=Smoke and Regression Test-1] TRACE - Resolving type for handle ctborders0d66type
19:47:58.074 [TestNG-test=Smoke and Regression Test-1] TRACE - Resolving type for handle ctcellxfs1322type
19:47:58.083 [TestNG-test=Smoke and Regression Test-1] TRACE - Resolving type for handle ctcellstylexfsa81ftype
19:47:58.160 [TestNG-test=Smoke and Regression Test-1] DEBUG - Save core properties part
19:47:58.161 [TestNG-test=Smoke and Regression Test-1] DEBUG - Save content types part
19:47:58.475 [TestNG-test=Smoke and Regression Test-1] DEBUG - Save package relationships
19:47:58.494 [TestNG-test=Smoke and Regression Test-1] DEBUG - Save part 'docProps/app.xml'
19:47:58.521 [TestNG-test=Smoke and Regression Test-1] DEBUG - Save part 'docProps/core.xml'
19:47:58.557 [TestNG-test=Smoke and Regression Test-1] DEBUG - Save part 'xl/sharedStrings.xml'
19:47:58.557 [TestNG-test=Smoke and Regression Test-1] DEBUG - Save part 'xl/styles.xml'
19:47:58.558 [TestNG-test=Smoke and Regression Test-1] DEBUG - Save part 'xl/workbook.xml'
19:47:58.569 [TestNG-test=Smoke and Regression Test-1] DEBUG - Save part 'xl/worksheets/sheet1.xml'
19:47:58.575 [TestNG-test=Smoke and Regression Test-1] DEBUG - Save content types part
19:47:58.578 [TestNG-test=Smoke and Regression Test-1] DEBUG - Save package relationships
19:47:58.585 [TestNG-test=Smoke and Regression Test-1] DEBUG - Save part 'docProps/app.xml'
19:47:58.586 [TestNG-test=Smoke and Regression Test-1] DEBUG - Save part 'docProps/core.xml'
19:47:58.602 [TestNG-test=Smoke and Regression Test-1] DEBUG - Save part 'xl/sharedStrings.xml'
19:47:58.603 [TestNG-test=Smoke and Regression Test-1] DEBUG - Save part 'xl/styles.xml'
19:47:58.603 [TestNG-test=Smoke and Regression Test-1] DEBUG - Save part 'xl/workbook.xml'
19:47:58.610 [TestNG-test=Smoke and Regression Test-1] DEBUG - Save part 'xl/worksheets/sheet1.xml'
19:47:59.139 [TestNG-test=Smoke and Regression Test-4] INFO  - Navigated to URL: https://www.pepperfry.com
19:48:03.875 [TestNG-test=Smoke and Regression Test-4] DEBUG - Parsing relationship: /xl/_rels/workbook.xml.rels
19:48:03.882 [TestNG-test=Smoke and Regression Test-4] DEBUG - Parsing relationship: /_rels/.rels
19:48:03.945 [TestNG-test=Smoke and Regression Test-4] TRACE - Resolving type for handle themefd26doctype
19:48:04.000 [TestNG-test=Smoke and Regression Test-4] TRACE - Resolving type for handle ctdxfsb26atype
19:48:04.008 [TestNG-test=Smoke and Regression Test-4] TRACE - Resolving type for handle cttablestyles872ftype
19:48:04.042 [TestNG-test=Smoke and Regression Test-4] TRACE - Resolving type for handle workbookec17doctype
19:48:04.057 [TestNG-test=Smoke and Regression Test-4] TRACE - Resolving type for handle worksheetf539doctype
19:48:04.085 [TestNG-test=Smoke and Regression Test-4] TRACE - Resolving type for handle ctcola95ftype
19:48:05.039 [TestNG-test=Smoke and Regression Test-2] DEBUG - Save core properties part
19:48:05.039 [TestNG-test=Smoke and Regression Test-2] DEBUG - Save content types part
19:48:05.042 [TestNG-test=Smoke and Regression Test-2] DEBUG - Save package relationships
19:48:05.051 [TestNG-test=Smoke and Regression Test-2] DEBUG - Save part 'docProps/app.xml'
19:48:05.052 [TestNG-test=Smoke and Regression Test-2] DEBUG - Save part 'docProps/core.xml'
19:48:05.057 [TestNG-test=Smoke and Regression Test-2] DEBUG - Save part 'xl/sharedStrings.xml'
19:48:05.058 [TestNG-test=Smoke and Regression Test-2] DEBUG - Save part 'xl/styles.xml'
19:48:05.059 [TestNG-test=Smoke and Regression Test-2] DEBUG - Save part 'xl/workbook.xml'
19:48:05.062 [TestNG-test=Smoke and Regression Test-2] DEBUG - Save part 'xl/worksheets/sheet1.xml'
19:48:05.065 [TestNG-test=Smoke and Regression Test-2] DEBUG - Save content types part
19:48:05.069 [TestNG-test=Smoke and Regression Test-2] DEBUG - Save package relationships
19:48:05.071 [TestNG-test=Smoke and Regression Test-2] DEBUG - Save part 'docProps/app.xml'
19:48:05.071 [TestNG-test=Smoke and Regression Test-2] DEBUG - Save part 'docProps/core.xml'
19:48:05.077 [TestNG-test=Smoke and Regression Test-2] DEBUG - Save part 'xl/sharedStrings.xml'
19:48:05.078 [TestNG-test=Smoke and Regression Test-2] DEBUG - Save part 'xl/styles.xml'
19:48:05.078 [TestNG-test=Smoke and Regression Test-2] DEBUG - Save part 'xl/workbook.xml'
19:48:05.084 [TestNG-test=Smoke and Regression Test-2] DEBUG - Save part 'xl/worksheets/sheet1.xml'
19:48:07.127 [TestNG-test=Smoke and Regression Test-4] DEBUG - Save core properties part
19:48:07.128 [TestNG-test=Smoke and Regression Test-4] DEBUG - Save content types part
19:48:07.132 [TestNG-test=Smoke and Regression Test-4] DEBUG - Save package relationships
19:48:07.134 [TestNG-test=Smoke and Regression Test-4] DEBUG - Save part 'docProps/app.xml'
19:48:07.135 [TestNG-test=Smoke and Regression Test-4] DEBUG - Save part 'docProps/core.xml'
19:48:07.137 [TestNG-test=Smoke and Regression Test-4] DEBUG - Save part 'xl/sharedStrings.xml'
19:48:07.137 [TestNG-test=Smoke and Regression Test-4] DEBUG - Save part 'xl/styles.xml'
19:48:07.138 [TestNG-test=Smoke and Regression Test-4] DEBUG - Save part 'xl/workbook.xml'
19:48:07.141 [TestNG-test=Smoke and Regression Test-4] DEBUG - Save part 'xl/worksheets/sheet1.xml'
19:48:07.145 [TestNG-test=Smoke and Regression Test-4] DEBUG - Save content types part
19:48:07.148 [TestNG-test=Smoke and Regression Test-4] DEBUG - Save package relationships
19:48:07.151 [TestNG-test=Smoke and Regression Test-4] DEBUG - Save part 'docProps/app.xml'
19:48:07.151 [TestNG-test=Smoke and Regression Test-4] DEBUG - Save part 'docProps/core.xml'
19:48:07.154 [TestNG-test=Smoke and Regression Test-4] DEBUG - Save part 'xl/sharedStrings.xml'
19:48:07.155 [TestNG-test=Smoke and Regression Test-4] DEBUG - Save part 'xl/styles.xml'
19:48:07.155 [TestNG-test=Smoke and Regression Test-4] DEBUG - Save part 'xl/workbook.xml'
19:48:07.158 [TestNG-test=Smoke and Regression Test-4] DEBUG - Save part 'xl/worksheets/sheet1.xml'
19:48:29.293 [TestNG-test=Smoke and Regression Test-3] DEBUG - Save core properties part
19:48:29.293 [TestNG-test=Smoke and Regression Test-3] DEBUG - Save content types part
19:48:29.295 [TestNG-test=Smoke and Regression Test-3] DEBUG - Save package relationships
19:48:29.297 [TestNG-test=Smoke and Regression Test-3] DEBUG - Save part 'docProps/app.xml'
19:48:29.298 [TestNG-test=Smoke and Regression Test-3] DEBUG - Save part 'docProps/core.xml'
19:48:29.301 [TestNG-test=Smoke and Regression Test-3] DEBUG - Save part 'xl/sharedStrings.xml'
19:48:29.302 [TestNG-test=Smoke and Regression Test-3] DEBUG - Save part 'xl/styles.xml'
19:48:29.302 [TestNG-test=Smoke and Regression Test-3] DEBUG - Save part 'xl/workbook.xml'
19:48:29.305 [TestNG-test=Smoke and Regression Test-3] DEBUG - Save part 'xl/worksheets/sheet1.xml'
19:48:29.306 [TestNG-test=Smoke and Regression Test-3] DEBUG - Save content types part
19:48:29.309 [TestNG-test=Smoke and Regression Test-3] DEBUG - Save package relationships
19:48:29.311 [TestNG-test=Smoke and Regression Test-3] DEBUG - Save part 'docProps/app.xml'
19:48:29.312 [TestNG-test=Smoke and Regression Test-3] DEBUG - Save part 'docProps/core.xml'
19:48:29.314 [TestNG-test=Smoke and Regression Test-3] DEBUG - Save part 'xl/sharedStrings.xml'
19:48:29.315 [TestNG-test=Smoke and Regression Test-3] DEBUG - Save part 'xl/styles.xml'
19:48:29.315 [TestNG-test=Smoke and Regression Test-3] DEBUG - Save part 'xl/workbook.xml'
19:48:29.319 [TestNG-test=Smoke and Regression Test-3] DEBUG - Save part 'xl/worksheets/sheet1.xml'
19:53:33.665 [TestNG-test=Smoke and Regression Test-1] INFO  - Browser initialized: chrome
19:53:34.633 [TestNG-test=Smoke and Regression Test-2] INFO  - Browser initialized: chrome
19:53:35.048 [TestNG-test=Smoke and Regression Test-4] INFO  - Browser initialized: chrome
19:53:37.236 [TestNG-test=Smoke and Regression Test-3] INFO  - Browser initialized: chrome
19:53:47.024 [TestNG-test=Smoke and Regression Test-3] INFO  - Navigated to URL: https://www.pepperfry.com
19:53:47.145 [TestNG-test=Smoke and Regression Test-4] INFO  - Navigated to URL: https://www.pepperfry.com
19:53:50.019 [TestNG-test=Smoke and Regression Test-1] INFO  - Navigated to URL: https://www.pepperfry.com
19:53:53.481 [TestNG-test=Smoke and Regression Test-4] DEBUG - Parsing relationship: /xl/_rels/workbook.xml.rels
19:53:53.556 [TestNG-test=Smoke and Regression Test-4] DEBUG - Parsing relationship: /_rels/.rels
19:53:54.341 [TestNG-test=Smoke and Regression Test-4] TRACE - Loading type system org.apache.poi.schemas.ooxml.system.ooxml
19:53:54.357 [TestNG-test=Smoke and Regression Test-4] TRACE - Loading type system org.apache.xmlbeans.metadata.system.sXMLCONFIG
19:53:54.359 [TestNG-test=Smoke and Regression Test-4] TRACE - Loading type system org.apache.xmlbeans.metadata.system.sXMLLANG
19:53:54.361 [TestNG-test=Smoke and Regression Test-4] TRACE - Loading type system org.apache.xmlbeans.metadata.system.sXMLSCHEMA
19:53:54.365 [TestNG-test=Smoke and Regression Test-4] TRACE - Loading type system org.apache.xmlbeans.metadata.system.sXMLTOOLS
19:53:54.367 [TestNG-test=Smoke and Regression Test-4] TRACE - Reading unresolved handles for type system org.apache.xmlbeans.metadata.system.sXMLTOOLS
19:53:54.411 [TestNG-test=Smoke and Regression Test-4] TRACE - Finished loading type system org.apache.xmlbeans.metadata.system.sXMLTOOLS
19:53:54.414 [TestNG-test=Smoke and Regression Test-4] TRACE - Reading unresolved handles for type system org.apache.xmlbeans.metadata.system.sXMLSCHEMA
19:53:54.422 [TestNG-test=Smoke and Regression Test-4] TRACE - Finished loading type system org.apache.xmlbeans.metadata.system.sXMLSCHEMA
19:53:54.425 [TestNG-test=Smoke and Regression Test-4] TRACE - Reading unresolved handles for type system org.apache.xmlbeans.metadata.system.sXMLLANG
19:53:54.433 [TestNG-test=Smoke and Regression Test-4] TRACE - Finished loading type system org.apache.xmlbeans.metadata.system.sXMLLANG
19:53:54.437 [TestNG-test=Smoke and Regression Test-4] TRACE - Reading unresolved handles for type system org.apache.xmlbeans.metadata.system.sXMLCONFIG
19:53:54.440 [TestNG-test=Smoke and Regression Test-4] TRACE - Finished loading type system org.apache.xmlbeans.metadata.system.sXMLCONFIG
19:53:54.443 [TestNG-test=Smoke and Regression Test-4] TRACE - Reading unresolved handles for type system org.apache.poi.schemas.ooxml.system.ooxml
19:53:54.596 [TestNG-test=Smoke and Regression Test-4] TRACE - Finished loading type system org.apache.poi.schemas.ooxml.system.ooxml
19:53:54.598 [TestNG-test=Smoke and Regression Test-4] TRACE - Resolving type for handle themefd26doctype
19:53:54.859 [TestNG-test=Smoke and Regression Test-4] TRACE - Resolving type for handle stylesheet5d8bdoctype
19:53:54.874 [TestNG-test=Smoke and Regression Test-4] TRACE - Resolving type for handle ctstylesheet4257type
19:53:54.889 [TestNG-test=Smoke and Regression Test-4] TRACE - Resolving type for handle ctfonts6623type
19:53:54.897 [TestNG-test=Smoke and Regression Test-4] TRACE - Resolving type for handle ctfont14d8type
19:53:54.920 [TestNG-test=Smoke and Regression Test-4] TRACE - Resolving type for handle ctfills2c6ftype
19:53:54.932 [TestNG-test=Smoke and Regression Test-4] TRACE - Resolving type for handle ctfill550ctype
19:53:54.939 [TestNG-test=Smoke and Regression Test-4] TRACE - Resolving type for handle ctborders0d66type
19:53:54.951 [TestNG-test=Smoke and Regression Test-4] TRACE - Resolving type for handle ctborderf935type
19:53:54.975 [TestNG-test=Smoke and Regression Test-4] TRACE - Resolving type for handle ctcellxfs1322type
19:53:54.986 [TestNG-test=Smoke and Regression Test-1] TRACE - Resolving type for handle ctworkbook83c3type
19:53:54.988 [TestNG-test=Smoke and Regression Test-4] TRACE - Resolving type for handle ctxf97f7type
19:53:55.007 [TestNG-test=Smoke and Regression Test-4] TRACE - Resolving type for handle ctcellstylexfsa81ftype
19:53:55.020 [TestNG-test=Smoke and Regression Test-1] TRACE - Resolving type for handle ctworkbookpr03a5type
19:53:55.034 [TestNG-test=Smoke and Regression Test-4] TRACE - Resolving type for handle ctdxfsb26atype
19:53:55.045 [TestNG-test=Smoke and Regression Test-4] TRACE - Resolving type for handle cttablestyles872ftype
19:53:55.055 [TestNG-test=Smoke and Regression Test-4] TRACE - Resolving type for handle sstf81fdoctype
